#
# There is insufficient memory for the Java Runtime Environment to continue.
# Native memory allocation (malloc) failed to allocate 1021696 bytes for Chunk::new
# Possible reasons:
#   The system is out of physical RAM or swap space
#   The process is running with CompressedOops enabled, and the Java Heap may be blocking the growth of the native heap
# Possible solutions:
#   Reduce memory load on the system
#   Increase physical memory or swap space
#   Check if swap backing store is full
#   Decrease Java heap size (-Xmx/-Xms)
#   Decrease number of Java threads
#   Decrease Java thread stack sizes (-Xss)
#   Set larger code cache with -XX:ReservedCodeCacheSize=
#   JVM is running with Unscaled Compressed Oops mode in which the Java heap is
#     placed in the first 4GB address space. The Java Heap base address is the
#     maximum limit for the native heap growth. Please use -XX:HeapBaseMinAddress
#     to set the Java Heap base and to place the Java Heap above 4GB virtual address.
# This output file may be truncated or incomplete.
#
#  Out of Memory Error (arena.cpp:189), pid=17260, tid=11036
#
# JRE version: OpenJDK Runtime Environment Temurin-17.0.5+8 (17.0.5+8) (build 17.0.5+8)
# Java VM: OpenJDK 64-Bit Server VM Temurin-17.0.5+8 (17.0.5+8, mixed mode, tiered, compressed oops, compressed class ptrs, parallel gc, windows-amd64)
# No core dump will be written. Minidumps are not enabled by default on client versions of Windows
#

---------------  S U M M A R Y ------------

Command Line: --add-modules=ALL-SYSTEM --add-opens=java.base/java.util=ALL-UNNAMED --add-opens=java.base/java.lang=ALL-UNNAMED --add-opens=java.base/sun.nio.fs=ALL-UNNAMED -Declipse.application=org.eclipse.jdt.ls.core.id1 -Dosgi.bundles.defaultStartLevel=4 -Declipse.product=org.eclipse.jdt.ls.core.product -Djava.import.generatesMetadataFilesAtProjectRoot=false -Dfile.encoding=utf8 -XX:+UseParallelGC -XX:GCTimeRatio=4 -XX:AdaptiveSizePolicyWeight=90 -Dsun.zip.disableMemoryMapping=true -Xmx1G -Xms100m -Xlog:disable -javaagent:c:\Users\mohgupt\.vscode\extensions\redhat.java-1.14.0-win32-x64\lombok\lombok-1.18.24.jar -XX:+HeapDumpOnOutOfMemoryError -XX:HeapDumpPath=c:\Users\mohgupt\AppData\Roaming\Code\User\workspaceStorage\e5c2113bf48eb89d724292ea34da7c65\redhat.java c:\Users\mohgupt\.vscode\extensions\redhat.java-1.14.0-win32-x64\server\plugins\org.eclipse.equinox.launcher_1.6.400.v20210924-0641.jar -configuration c:\Users\mohgupt\AppData\Roaming\Code\User\globalStorage\redhat.java\1.14.0\config_win -data c:\Users\mohgupt\AppData\Roaming\Code\User\workspaceStorage\e5c2113bf48eb89d724292ea34da7c65\redhat.java\jdt_ws

Host: Intel(R) Core(TM) i7-8650U CPU @ 1.90GHz, 8 cores, 15G,  Windows 11 , 64 bit Build 22000 (10.0.22000.1335)
Time: Sun Jan 29 20:56:53 2023 India Standard Time elapsed time: 490.635370 seconds (0d 0h 8m 10s)

---------------  T H R E A D  ---------------

Current thread (0x0000018c7ba7f180):  JavaThread "C2 CompilerThread1" daemon [_thread_in_native, id=11036, stack(0x0000006a9f600000,0x0000006a9f700000)]


Current CompileTask:
C2: 490635 15278       4       org.eclipse.jdt.internal.compiler.ClassFile::traverse (7180 bytes)

Stack: [0x0000006a9f600000,0x0000006a9f700000]
Native frames: (J=compiled Java code, j=interpreted, Vv=VM code, C=native code)
V  [jvm.dll+0x676b3a]
V  [jvm.dll+0x831444]
V  [jvm.dll+0x832bee]
V  [jvm.dll+0x833253]
V  [jvm.dll+0x244ce5]
V  [jvm.dll+0xabbac]
V  [jvm.dll+0xac17c]
V  [jvm.dll+0x362d57]
V  [jvm.dll+0x1bb132]
V  [jvm.dll+0x217ca9]
V  [jvm.dll+0x216f71]
V  [jvm.dll+0x1a343d]
V  [jvm.dll+0x22698a]
V  [jvm.dll+0x224ac5]
V  [jvm.dll+0x7e727b]
V  [jvm.dll+0x7e17ea]
V  [jvm.dll+0x6759e5]
C  [ucrtbase.dll+0x26c0c]
C  [KERNEL32.DLL+0x155a0]
C  [ntdll.dll+0x485b]


---------------  P R O C E S S  ---------------

Threads class SMR info:
_java_thread_list=0x0000018c004a9b10, length=41, elements={
0x0000018c6436bcf0, 0x0000018c64421ae0, 0x0000018c64422760, 0x0000018c7a560eb0,
0x0000018c7a563780, 0x0000018c7a564040, 0x0000018c7a564900, 0x0000018c7a590010,
0x0000018c78a0cf60, 0x0000018c78a0dc10, 0x0000018c7a64f340, 0x0000018c7a87df40,
0x0000018c7ca80b10, 0x0000018c7bcbf010, 0x0000018c7b5b1160, 0x0000018c7cb995c0,
0x0000018c7cd568d0, 0x0000018c7cdeab10, 0x0000018c7cdebe50, 0x0000018c7cdec320,
0x0000018c7cdeccc0, 0x0000018c7cdea640, 0x0000018c7cde97d0, 0x0000018c00766480,
0x0000018c00764c70, 0x0000018c00766950, 0x0000018c007677c0, 0x0000018c00760de0,
0x0000018c7cdeb980, 0x0000018c00765fb0, 0x0000018c00762ac0, 0x0000018c00762f90,
0x0000018c00763930, 0x0000018c00766e20, 0x0000018c7cdeb4b0, 0x0000018c01f59bc0,
0x0000018c01f5d0b0, 0x0000018c01f5da50, 0x0000018c01f5b8a0, 0x0000018c7ba7f180,
0x0000018c7ba7d830
}

Java Threads: ( => current thread )
  0x0000018c6436bcf0 JavaThread "main" [_thread_blocked, id=7364, stack(0x0000006a9c700000,0x0000006a9c800000)]
  0x0000018c64421ae0 JavaThread "Reference Handler" daemon [_thread_blocked, id=40752, stack(0x0000006a9ca00000,0x0000006a9cb00000)]
  0x0000018c64422760 JavaThread "Finalizer" daemon [_thread_blocked, id=11532, stack(0x0000006a9cb00000,0x0000006a9cc00000)]
  0x0000018c7a560eb0 JavaThread "Signal Dispatcher" daemon [_thread_blocked, id=21816, stack(0x0000006a9cc00000,0x0000006a9cd00000)]
  0x0000018c7a563780 JavaThread "Attach Listener" daemon [_thread_blocked, id=27952, stack(0x0000006a9cd00000,0x0000006a9ce00000)]
  0x0000018c7a564040 JavaThread "Service Thread" daemon [_thread_blocked, id=37972, stack(0x0000006a9ce00000,0x0000006a9cf00000)]
  0x0000018c7a564900 JavaThread "Monitor Deflation Thread" daemon [_thread_blocked, id=24584, stack(0x0000006a9cf00000,0x0000006a9d000000)]
  0x0000018c7a590010 JavaThread "C2 CompilerThread0" daemon [_thread_in_native, id=25688, stack(0x0000006a9d000000,0x0000006a9d100000)]
  0x0000018c78a0cf60 JavaThread "C1 CompilerThread0" daemon [_thread_blocked, id=25640, stack(0x0000006a9d100000,0x0000006a9d200000)]
  0x0000018c78a0dc10 JavaThread "Sweeper thread" daemon [_thread_blocked, id=18352, stack(0x0000006a9d200000,0x0000006a9d300000)]
  0x0000018c7a64f340 JavaThread "Common-Cleaner" daemon [_thread_blocked, id=1084, stack(0x0000006a9d300000,0x0000006a9d400000)]
  0x0000018c7a87df40 JavaThread "Notification Thread" daemon [_thread_blocked, id=39884, stack(0x0000006a9d400000,0x0000006a9d500000)]
  0x0000018c7ca80b10 JavaThread "Active Thread: Equinox Container: 77550aa4-94dd-4aa8-9357-63db365e0b43" [_thread_blocked, id=28668, stack(0x0000006a9dc00000,0x0000006a9dd00000)]
  0x0000018c7bcbf010 JavaThread "Framework Event Dispatcher: Equinox Container: 77550aa4-94dd-4aa8-9357-63db365e0b43" daemon [_thread_blocked, id=9300, stack(0x0000006a9dd00000,0x0000006a9de00000)]
  0x0000018c7b5b1160 JavaThread "Start Level: Equinox Container: 77550aa4-94dd-4aa8-9357-63db365e0b43" daemon [_thread_blocked, id=15384, stack(0x0000006a9de00000,0x0000006a9df00000)]
  0x0000018c7cb995c0 JavaThread "SCR Component Actor" daemon [_thread_blocked, id=14936, stack(0x0000006a9df00000,0x0000006a9e000000)]
  0x0000018c7cd568d0 JavaThread "Worker-JM" [_thread_blocked, id=34776, stack(0x0000006a9e200000,0x0000006a9e300000)]
  0x0000018c7cdeab10 JavaThread "Worker-0" [_thread_blocked, id=35864, stack(0x0000006a9e300000,0x0000006a9e400000)]
  0x0000018c7cdebe50 JavaThread "Java indexing" daemon [_thread_blocked, id=25452, stack(0x0000006a9e600000,0x0000006a9e700000)]
  0x0000018c7cdec320 JavaThread "JNA Cleaner" daemon [_thread_blocked, id=12004, stack(0x0000006a9ea00000,0x0000006a9eb00000)]
  0x0000018c7cdeccc0 JavaThread "pool-2-thread-1" [_thread_blocked, id=32384, stack(0x0000006a9ed00000,0x0000006a9ee00000)]
  0x0000018c7cdea640 JavaThread "pool-1-thread-1" [_thread_in_native, id=37504, stack(0x0000006a9ee00000,0x0000006a9ef00000)]
  0x0000018c7cde97d0 JavaThread "ForkJoinPool.commonPool-worker-1" daemon [_thread_blocked, id=39288, stack(0x0000006a9e800000,0x0000006a9e900000)]
  0x0000018c00766480 JavaThread "ForkJoinPool.commonPool-worker-2" daemon [_thread_blocked, id=7492, stack(0x0000006a9f200000,0x0000006a9f300000)]
  0x0000018c00764c70 JavaThread "ForkJoinPool.commonPool-worker-3" daemon [_thread_blocked, id=11152, stack(0x0000006a9f300000,0x0000006a9f400000)]
  0x0000018c00766950 JavaThread "ForkJoinPool.commonPool-worker-4" daemon [_thread_blocked, id=1080, stack(0x0000006a9e100000,0x0000006a9e200000)]
  0x0000018c007677c0 JavaThread "Bundle File Closer" daemon [_thread_blocked, id=28520, stack(0x0000006a9e500000,0x0000006a9e600000)]
  0x0000018c00760de0 JavaThread "ForkJoinPool.commonPool-worker-6" daemon [_thread_blocked, id=19592, stack(0x0000006a9c500000,0x0000006a9c600000)]
  0x0000018c7cdeb980 JavaThread "Worker-9" [_thread_blocked, id=23584, stack(0x0000006a9c600000,0x0000006a9c700000)]
  0x0000018c00765fb0 JavaThread "ForkJoinPool.commonPool-worker-8" daemon [_thread_blocked, id=33924, stack(0x0000006a9c400000,0x0000006a9c500000)]
  0x0000018c00762ac0 JavaThread "ForkJoinPool.commonPool-worker-9" daemon [_thread_blocked, id=32344, stack(0x0000006a9e400000,0x0000006a9e500000)]
  0x0000018c00762f90 JavaThread "Worker-11" [_thread_blocked, id=6580, stack(0x0000006a9e700000,0x0000006a9e800000)]
  0x0000018c00763930 JavaThread "Java Debug Server" daemon [_thread_in_native, id=10140, stack(0x0000006a9e900000,0x0000006a9ea00000)]
  0x0000018c00766e20 JavaThread "pool-3-thread-1" [_thread_in_native, id=1552, stack(0x0000006a9ef00000,0x0000006a9f000000)]
  0x0000018c7cdeb4b0 JavaThread "RxSchedulerPurge-1" daemon [_thread_blocked, id=11840, stack(0x0000006a9f000000,0x0000006a9f100000)]
  0x0000018c01f59bc0 JavaThread "RxCachedWorkerPoolEvictor-1" daemon [_thread_blocked, id=3064, stack(0x0000006a9f100000,0x0000006a9f200000)]
  0x0000018c01f5d0b0 JavaThread "RxNewThreadScheduler-3" daemon [_thread_in_native, id=1532, stack(0x0000006a9f400000,0x0000006a9f500000)]
  0x0000018c01f5da50 JavaThread "Packet Receive Manager" daemon [_thread_in_native, id=11168, stack(0x0000006a9f500000,0x0000006a9f600000)]
  0x0000018c01f5b8a0 JavaThread "Packet Send Manager" daemon [_thread_blocked, id=2108, stack(0x0000006a9f700000,0x0000006a9f800000)]
=>0x0000018c7ba7f180 JavaThread "C2 CompilerThread1" daemon [_thread_in_native, id=11036, stack(0x0000006a9f600000,0x0000006a9f700000)]
  0x0000018c7ba7d830 JavaThread "C2 CompilerThread2" daemon [_thread_in_native, id=15560, stack(0x0000006a9f800000,0x0000006a9f900000)]

Other Threads:
  0x0000018c643f8930 VMThread "VM Thread" [stack: 0x0000006a9c900000,0x0000006a9ca00000] [id=22432]
  0x0000018c7a87e410 WatcherThread [stack: 0x0000006a9d500000,0x0000006a9d600000] [id=32016]
  0x0000018c64383ff0 GCTaskThread "GC Thread#0" [stack: 0x0000006a9c800000,0x0000006a9c900000] [id=6704]
  0x0000018c7c9be9c0 GCTaskThread "GC Thread#1" [stack: 0x0000006a9d600000,0x0000006a9d700000] [id=6316]
  0x0000018c7c9c1110 GCTaskThread "GC Thread#2" [stack: 0x0000006a9d700000,0x0000006a9d800000] [id=32812]
  0x0000018c7b7ed700 GCTaskThread "GC Thread#3" [stack: 0x0000006a9d800000,0x0000006a9d900000] [id=18572]
  0x0000018c7b7ed9b0 GCTaskThread "GC Thread#4" [stack: 0x0000006a9d900000,0x0000006a9da00000] [id=9184]
  0x0000018c7bc38530 GCTaskThread "GC Thread#5" [stack: 0x0000006a9da00000,0x0000006a9db00000] [id=24404]
  0x0000018c7bc387e0 GCTaskThread "GC Thread#6" [stack: 0x0000006a9db00000,0x0000006a9dc00000] [id=38832]
  0x0000018c7cbe3f90 GCTaskThread "GC Thread#7" [stack: 0x0000006a9e000000,0x0000006a9e100000] [id=13864]

Threads with active compile tasks:
C2 CompilerThread0   490686 15354   !   4       org.eclipse.jdt.core.dom.DefaultCommentMapper::storeLeadingComments (550 bytes)
C2 CompilerThread1   490686 15278       4       org.eclipse.jdt.internal.compiler.ClassFile::traverse (7180 bytes)
C2 CompilerThread2   490686 15353   !   4       org.eclipse.jdt.core.dom.DefaultCommentMapper::storeTrailingComments (793 bytes)

VM state: not at safepoint (normal execution)

VM Mutex/Monitor currently owned by a thread: None

Heap address: 0x00000000c0000000, size: 1024 MB, Compressed Oops mode: 32-bit

CDS archive(s) not mapped
Compressed class space mapped at: 0x0000000100000000-0x0000000140000000, reserved size: 1073741824
Narrow klass base: 0x0000000000000000, Narrow klass shift: 3, Narrow klass range: 0x140000000

GC Precious Log:
 CPUs: 8 total, 8 available
 Memory: 16222M
 Large Page Support: Disabled
 NUMA Support: Disabled
 Compressed Oops: Enabled (32-bit)
 Alignments: Space 512K, Generation 512K, Heap 2M
 Heap Min Capacity: 100M
 Heap Initial Capacity: 100M
 Heap Max Capacity: 1G
 Pre-touch: Disabled
 Parallel Workers: 8

Heap:
 PSYoungGen      total 9728K, used 7965K [0x00000000eab00000, 0x00000000eb680000, 0x0000000100000000)
  eden space 8704K, 82% used [0x00000000eab00000,0x00000000eb1ff7a8,0x00000000eb380000)
  from space 1024K, 78% used [0x00000000eb480000,0x00000000eb548000,0x00000000eb580000)
  to   space 1024K, 0% used [0x00000000eb580000,0x00000000eb580000,0x00000000eb680000)
 ParOldGen       total 109056K, used 85482K [0x00000000c0000000, 0x00000000c6a80000, 0x00000000eab00000)
  object space 109056K, 78% used [0x00000000c0000000,0x00000000c537a950,0x00000000c6a80000)
 Metaspace       used 81801K, committed 82880K, reserved 1130496K
  class space    used 8566K, committed 9088K, reserved 1048576K

Card table byte_map: [0x0000018c762a0000,0x0000018c764b0000] _byte_map_base: 0x0000018c75ca0000

Marking Bits: (ParMarkBitMap*) 0x00007ff9f2b30dd0
 Begin Bits: [0x0000018c76610000, 0x0000018c77610000)
 End Bits:   [0x0000018c77610000, 0x0000018c78610000)

Polling page: 0x0000018c642f0000

Metaspace:

Usage:
  Non-class:     71.52 MB used.
      Class:      8.37 MB used.
       Both:     79.88 MB used.

Virtual space:
  Non-class space:       80.00 MB reserved,      72.06 MB ( 90%) committed,  10 nodes.
      Class space:        1.00 GB reserved,       8.88 MB ( <1%) committed,  1 nodes.
             Both:        1.08 GB reserved,      80.94 MB (  7%) committed. 

Chunk freelists:
   Non-Class:  3.97 MB
       Class:  3.17 MB
        Both:  7.14 MB

MaxMetaspaceSize: unlimited
CompressedClassSpaceSize: 1.00 GB
Initial GC threshold: 21.00 MB
Current GC threshold: 134.50 MB
CDS: off
MetaspaceReclaimPolicy: balanced
 - commit_granule_bytes: 65536.
 - commit_granule_words: 8192.
 - virtual_space_node_default_size: 1048576.
 - enlarge_chunks_in_place: 1.
 - new_chunks_are_fully_committed: 0.
 - uncommit_free_chunks: 1.
 - use_allocation_guard: 0.
 - handle_deallocations: 1.


Internal statistics:

num_allocs_failed_limit: 9.
num_arena_births: 650.
num_arena_deaths: 14.
num_vsnodes_births: 11.
num_vsnodes_deaths: 0.
num_space_committed: 1295.
num_space_uncommitted: 0.
num_chunks_returned_to_freelist: 23.
num_chunks_taken_from_freelist: 3846.
num_chunk_merges: 13.
num_chunk_splits: 2441.
num_chunks_enlarged: 1478.
num_purges: 2.
num_inconsistent_stats: 0.

CodeHeap 'non-profiled nmethods': size=120000Kb used=10315Kb max_used=10585Kb free=109684Kb
 bounds [0x0000018c6eb90000, 0x0000018c6f610000, 0x0000018c760c0000]
CodeHeap 'profiled nmethods': size=120000Kb used=26954Kb max_used=27073Kb free=93045Kb
 bounds [0x0000018c67660000, 0x0000018c69130000, 0x0000018c6eb90000]
CodeHeap 'non-nmethods': size=5760Kb used=1429Kb max_used=1553Kb free=4330Kb
 bounds [0x0000018c670c0000, 0x0000018c67330000, 0x0000018c67660000]
 total_blobs=12665 nmethods=11886 adapters=689
 compilation: enabled
              stopped_count=0, restarted_count=0
 full_count=0

Compilation events (20 events):
Event: 490.613 Thread 0x0000018c78a0cf60 15404       3       java.lang.invoke.LambdaForm$DMH/0x0000000100242800::newInvokeSpecial (28 bytes)
Event: 490.613 Thread 0x0000018c78a0cf60 nmethod 15404 0x0000018c68756890 code [0x0000018c68756a80, 0x0000018c68757008]
Event: 490.618 Thread 0x0000018c78a0cf60 15405       1       com.microsoft.java.debug.core.JavaBreakpointLocation::lineNumber (5 bytes)
Event: 490.619 Thread 0x0000018c78a0cf60 nmethod 15405 0x0000018c6f41b990 code [0x0000018c6f41bb20, 0x0000018c6f41bbf8]
Event: 490.619 Thread 0x0000018c78a0cf60 15406       3       org.eclipse.jdi.internal.jdwp.JdwpString::write (253 bytes)
Event: 490.621 Thread 0x0000018c78a0cf60 nmethod 15406 0x0000018c680f2290 code [0x0000018c680f25c0, 0x0000018c680f3e88]
Event: 490.621 Thread 0x0000018c78a0cf60 15407       3       io.reactivex.Observable::<init> (5 bytes)
Event: 490.621 Thread 0x0000018c78a0cf60 nmethod 15407 0x0000018c67d3e310 code [0x0000018c67d3e4a0, 0x0000018c67d3e5f8]
Event: 490.624 Thread 0x0000018c7ba7d830 nmethod 15316 0x0000018c6f5f7790 code [0x0000018c6f5f7c40, 0x0000018c6f5fda38]
Event: 490.624 Thread 0x0000018c7ba7d830 15353   !   4       org.eclipse.jdt.core.dom.DefaultCommentMapper::storeTrailingComments (793 bytes)
Event: 490.625 Thread 0x0000018c78a0cf60 15409       3       org.eclipse.jdt.internal.compiler.lookup.Scope::parameterCompatibilityLevel (472 bytes)
Event: 490.627 Thread 0x0000018c78a0cf60 nmethod 15409 0x0000018c680efc10 code [0x0000018c680effa0, 0x0000018c680f1988]
Event: 490.627 Thread 0x0000018c78a0cf60 15410   !   3       org.eclipse.jdt.internal.compiler.lookup.BinaryTypeBinding::superclass (207 bytes)
Event: 490.628 Thread 0x0000018c78a0cf60 nmethod 15410 0x0000018c685e4b10 code [0x0000018c685e4d40, 0x0000018c685e56c8]
Event: 490.628 Thread 0x0000018c78a0cf60 15411       3       java.nio.HeapByteBuffer::get (64 bytes)
Event: 490.628 Thread 0x0000018c78a0cf60 nmethod 15411 0x0000018c68600290 code [0x0000018c686004e0, 0x0000018c68600df8]
Event: 490.630 Thread 0x0000018c78a0cf60 15412       3       io.reactivex.plugins.RxJavaPlugins::onAssembly (19 bytes)
Event: 490.630 Thread 0x0000018c78a0cf60 nmethod 15412 0x0000018c686f2310 code [0x0000018c686f24e0, 0x0000018c686f2898]
Event: 490.630 Thread 0x0000018c78a0cf60 15413       3       io.reactivex.internal.disposables.DisposableHelper::validate (35 bytes)
Event: 490.630 Thread 0x0000018c78a0cf60 nmethod 15413 0x0000018c68fcae90 code [0x0000018c68fcb0a0, 0x0000018c68fcb568]

GC Heap History (20 events):
Event: 489.766 GC heap before
{Heap before GC invocations=108 (full 6):
 PSYoungGen      total 9216K, used 9002K [0x00000000eab00000, 0x00000000eb880000, 0x0000000100000000)
  eden space 8704K, 99% used [0x00000000eab00000,0x00000000eb37aaa0,0x00000000eb380000)
  from space 512K, 62% used [0x00000000eb800000,0x00000000eb850000,0x00000000eb880000)
  to   space 512K, 0% used [0x00000000eb780000,0x00000000eb780000,0x00000000eb800000)
 ParOldGen       total 105984K, used 100739K [0x00000000c0000000, 0x00000000c6780000, 0x00000000eab00000)
  object space 105984K, 95% used [0x00000000c0000000,0x00000000c6260c30,0x00000000c6780000)
 Metaspace       used 79858K, committed 80896K, reserved 1122304K
  class space    used 8271K, committed 8704K, reserved 1048576K
}
Event: 489.767 GC heap after
{Heap after GC invocations=108 (full 6):
 PSYoungGen      total 9216K, used 497K [0x00000000eab00000, 0x00000000eb880000, 0x0000000100000000)
  eden space 8704K, 0% used [0x00000000eab00000,0x00000000eab00000,0x00000000eb380000)
  from space 512K, 97% used [0x00000000eb780000,0x00000000eb7fc698,0x00000000eb800000)
  to   space 512K, 0% used [0x00000000eb800000,0x00000000eb800000,0x00000000eb880000)
 ParOldGen       total 105984K, used 100907K [0x00000000c0000000, 0x00000000c6780000, 0x00000000eab00000)
  object space 105984K, 95% used [0x00000000c0000000,0x00000000c628ac30,0x00000000c6780000)
 Metaspace       used 79858K, committed 80896K, reserved 1122304K
  class space    used 8271K, committed 8704K, reserved 1048576K
}
Event: 489.913 GC heap before
{Heap before GC invocations=109 (full 6):
 PSYoungGen      total 9216K, used 9201K [0x00000000eab00000, 0x00000000eb880000, 0x0000000100000000)
  eden space 8704K, 100% used [0x00000000eab00000,0x00000000eb380000,0x00000000eb380000)
  from space 512K, 97% used [0x00000000eb780000,0x00000000eb7fc698,0x00000000eb800000)
  to   space 512K, 0% used [0x00000000eb800000,0x00000000eb800000,0x00000000eb880000)
 ParOldGen       total 105984K, used 100907K [0x00000000c0000000, 0x00000000c6780000, 0x00000000eab00000)
  object space 105984K, 95% used [0x00000000c0000000,0x00000000c628ac30,0x00000000c6780000)
 Metaspace       used 80754K, committed 81856K, reserved 1122304K
  class space    used 8392K, committed 8896K, reserved 1048576K
}
Event: 489.914 GC heap after
{Heap after GC invocations=109 (full 6):
 PSYoungGen      total 9216K, used 496K [0x00000000eab00000, 0x00000000eb880000, 0x0000000100000000)
  eden space 8704K, 0% used [0x00000000eab00000,0x00000000eab00000,0x00000000eb380000)
  from space 512K, 96% used [0x00000000eb800000,0x00000000eb87c010,0x00000000eb880000)
  to   space 1536K, 0% used [0x00000000eb580000,0x00000000eb580000,0x00000000eb700000)
 ParOldGen       total 105984K, used 101583K [0x00000000c0000000, 0x00000000c6780000, 0x00000000eab00000)
  object space 105984K, 95% used [0x00000000c0000000,0x00000000c6333f70,0x00000000c6780000)
 Metaspace       used 80754K, committed 81856K, reserved 1122304K
  class space    used 8392K, committed 8896K, reserved 1048576K
}
Event: 490.013 GC heap before
{Heap before GC invocations=110 (full 6):
 PSYoungGen      total 9216K, used 9200K [0x00000000eab00000, 0x00000000eb880000, 0x0000000100000000)
  eden space 8704K, 100% used [0x00000000eab00000,0x00000000eb380000,0x00000000eb380000)
  from space 512K, 96% used [0x00000000eb800000,0x00000000eb87c010,0x00000000eb880000)
  to   space 1536K, 0% used [0x00000000eb580000,0x00000000eb580000,0x00000000eb700000)
 ParOldGen       total 105984K, used 101583K [0x00000000c0000000, 0x00000000c6780000, 0x00000000eab00000)
  object space 105984K, 95% used [0x00000000c0000000,0x00000000c6333f70,0x00000000c6780000)
 Metaspace       used 81004K, committed 82048K, reserved 1122304K
  class space    used 8415K, committed 8896K, reserved 1048576K
}
Event: 490.014 GC heap after
{Heap after GC invocations=110 (full 6):
 PSYoungGen      total 10240K, used 1513K [0x00000000eab00000, 0x00000000eb880000, 0x0000000100000000)
  eden space 8704K, 0% used [0x00000000eab00000,0x00000000eab00000,0x00000000eb380000)
  from space 1536K, 98% used [0x00000000eb580000,0x00000000eb6fa6d8,0x00000000eb700000)
  to   space 1536K, 0% used [0x00000000eb700000,0x00000000eb700000,0x00000000eb880000)
 ParOldGen       total 105984K, used 102050K [0x00000000c0000000, 0x00000000c6780000, 0x00000000eab00000)
  object space 105984K, 96% used [0x00000000c0000000,0x00000000c63a8900,0x00000000c6780000)
 Metaspace       used 81004K, committed 82048K, reserved 1122304K
  class space    used 8415K, committed 8896K, reserved 1048576K
}
Event: 490.109 GC heap before
{Heap before GC invocations=111 (full 6):
 PSYoungGen      total 10240K, used 10217K [0x00000000eab00000, 0x00000000eb880000, 0x0000000100000000)
  eden space 8704K, 100% used [0x00000000eab00000,0x00000000eb380000,0x00000000eb380000)
  from space 1536K, 98% used [0x00000000eb580000,0x00000000eb6fa6d8,0x00000000eb700000)
  to   space 1536K, 0% used [0x00000000eb700000,0x00000000eb700000,0x00000000eb880000)
 ParOldGen       total 105984K, used 102050K [0x00000000c0000000, 0x00000000c6780000, 0x00000000eab00000)
  object space 105984K, 96% used [0x00000000c0000000,0x00000000c63a8900,0x00000000c6780000)
 Metaspace       used 81500K, committed 82560K, reserved 1122304K
  class space    used 8535K, committed 9024K, reserved 1048576K
}
Event: 490.110 GC heap after
{Heap after GC invocations=111 (full 6):
 PSYoungGen      total 9728K, used 805K [0x00000000eab00000, 0x00000000eb800000, 0x0000000100000000)
  eden space 8704K, 0% used [0x00000000eab00000,0x00000000eab00000,0x00000000eb380000)
  from space 1024K, 78% used [0x00000000eb700000,0x00000000eb7c9730,0x00000000eb800000)
  to   space 1536K, 0% used [0x00000000eb500000,0x00000000eb500000,0x00000000eb680000)
 ParOldGen       total 105984K, used 103485K [0x00000000c0000000, 0x00000000c6780000, 0x00000000eab00000)
  object space 105984K, 97% used [0x00000000c0000000,0x00000000c650f4e8,0x00000000c6780000)
 Metaspace       used 81500K, committed 82560K, reserved 1122304K
  class space    used 8535K, committed 9024K, reserved 1048576K
}
Event: 490.198 GC heap before
{Heap before GC invocations=112 (full 6):
 PSYoungGen      total 9728K, used 9507K [0x00000000eab00000, 0x00000000eb800000, 0x0000000100000000)
  eden space 8704K, 99% used [0x00000000eab00000,0x00000000eb37f848,0x00000000eb380000)
  from space 1024K, 78% used [0x00000000eb700000,0x00000000eb7c9730,0x00000000eb800000)
  to   space 1536K, 0% used [0x00000000eb500000,0x00000000eb500000,0x00000000eb680000)
 ParOldGen       total 105984K, used 103485K [0x00000000c0000000, 0x00000000c6780000, 0x00000000eab00000)
  object space 105984K, 97% used [0x00000000c0000000,0x00000000c650f4e8,0x00000000c6780000)
 Metaspace       used 81565K, committed 82560K, reserved 1122304K
  class space    used 8545K, committed 9024K, reserved 1048576K
}
Event: 490.199 GC heap after
{Heap after GC invocations=112 (full 6):
 PSYoungGen      total 10240K, used 1072K [0x00000000eab00000, 0x00000000eb780000, 0x0000000100000000)
  eden space 8704K, 0% used [0x00000000eab00000,0x00000000eab00000,0x00000000eb380000)
  from space 1536K, 69% used [0x00000000eb500000,0x00000000eb60c0e0,0x00000000eb680000)
  to   space 1024K, 0% used [0x00000000eb680000,0x00000000eb680000,0x00000000eb780000)
 ParOldGen       total 105984K, used 104099K [0x00000000c0000000, 0x00000000c6780000, 0x00000000eab00000)
  object space 105984K, 98% used [0x00000000c0000000,0x00000000c65a8c70,0x00000000c6780000)
 Metaspace       used 81565K, committed 82560K, reserved 1122304K
  class space    used 8545K, committed 9024K, reserved 1048576K
}
Event: 490.261 GC heap before
{Heap before GC invocations=113 (full 6):
 PSYoungGen      total 10240K, used 9776K [0x00000000eab00000, 0x00000000eb780000, 0x0000000100000000)
  eden space 8704K, 100% used [0x00000000eab00000,0x00000000eb380000,0x00000000eb380000)
  from space 1536K, 69% used [0x00000000eb500000,0x00000000eb60c0e0,0x00000000eb680000)
  to   space 1024K, 0% used [0x00000000eb680000,0x00000000eb680000,0x00000000eb780000)
 ParOldGen       total 105984K, used 104099K [0x00000000c0000000, 0x00000000c6780000, 0x00000000eab00000)
  object space 105984K, 98% used [0x00000000c0000000,0x00000000c65a8c70,0x00000000c6780000)
 Metaspace       used 81597K, committed 82624K, reserved 1122304K
  class space    used 8547K, committed 9024K, reserved 1048576K
}
Event: 490.262 GC heap after
{Heap after GC invocations=113 (full 6):
 PSYoungGen      total 9728K, used 962K [0x00000000eab00000, 0x00000000eb780000, 0x0000000100000000)
  eden space 8704K, 0% used [0x00000000eab00000,0x00000000eab00000,0x00000000eb380000)
  from space 1024K, 93% used [0x00000000eb680000,0x00000000eb770978,0x00000000eb780000)
  to   space 1024K, 0% used [0x00000000eb580000,0x00000000eb580000,0x00000000eb680000)
 ParOldGen       total 105984K, used 105006K [0x00000000c0000000, 0x00000000c6780000, 0x00000000eab00000)
  object space 105984K, 99% used [0x00000000c0000000,0x00000000c668b808,0x00000000c6780000)
 Metaspace       used 81597K, committed 82624K, reserved 1122304K
  class space    used 8547K, committed 9024K, reserved 1048576K
}
Event: 490.328 GC heap before
{Heap before GC invocations=114 (full 6):
 PSYoungGen      total 9728K, used 9666K [0x00000000eab00000, 0x00000000eb780000, 0x0000000100000000)
  eden space 8704K, 100% used [0x00000000eab00000,0x00000000eb380000,0x00000000eb380000)
  from space 1024K, 93% used [0x00000000eb680000,0x00000000eb770978,0x00000000eb780000)
  to   space 1024K, 0% used [0x00000000eb580000,0x00000000eb580000,0x00000000eb680000)
 ParOldGen       total 105984K, used 105006K [0x00000000c0000000, 0x00000000c6780000, 0x00000000eab00000)
  object space 105984K, 99% used [0x00000000c0000000,0x00000000c668b808,0x00000000c6780000)
 Metaspace       used 81628K, committed 82624K, reserved 1122304K
  class space    used 8549K, committed 9024K, reserved 1048576K
}
Event: 490.330 GC heap after
{Heap after GC invocations=114 (full 6):
 PSYoungGen      total 9728K, used 976K [0x00000000eab00000, 0x00000000eb700000, 0x0000000100000000)
  eden space 8704K, 0% used [0x00000000eab00000,0x00000000eab00000,0x00000000eb380000)
  from space 1024K, 95% used [0x00000000eb580000,0x00000000eb674010,0x00000000eb680000)
  to   space 512K, 0% used [0x00000000eb680000,0x00000000eb680000,0x00000000eb700000)
 ParOldGen       total 105984K, used 105848K [0x00000000c0000000, 0x00000000c6780000, 0x00000000eab00000)
  object space 105984K, 99% used [0x00000000c0000000,0x00000000c675e2b8,0x00000000c6780000)
 Metaspace       used 81628K, committed 82624K, reserved 1122304K
  class space    used 8549K, committed 9024K, reserved 1048576K
}
Event: 490.330 GC heap before
{Heap before GC invocations=115 (full 7):
 PSYoungGen      total 9728K, used 976K [0x00000000eab00000, 0x00000000eb700000, 0x0000000100000000)
  eden space 8704K, 0% used [0x00000000eab00000,0x00000000eab00000,0x00000000eb380000)
  from space 1024K, 95% used [0x00000000eb580000,0x00000000eb674010,0x00000000eb680000)
  to   space 512K, 0% used [0x00000000eb680000,0x00000000eb680000,0x00000000eb700000)
 ParOldGen       total 105984K, used 105848K [0x00000000c0000000, 0x00000000c6780000, 0x00000000eab00000)
  object space 105984K, 99% used [0x00000000c0000000,0x00000000c675e2b8,0x00000000c6780000)
 Metaspace       used 81628K, committed 82624K, reserved 1122304K
  class space    used 8549K, committed 9024K, reserved 1048576K
}
Event: 490.410 GC heap after
{Heap after GC invocations=115 (full 7):
 PSYoungGen      total 9216K, used 0K [0x00000000eab00000, 0x00000000eb700000, 0x0000000100000000)
  eden space 8704K, 0% used [0x00000000eab00000,0x00000000eab00000,0x00000000eb380000)
  from space 512K, 0% used [0x00000000eb680000,0x00000000eb680000,0x00000000eb700000)
  to   space 1024K, 0% used [0x00000000eb500000,0x00000000eb500000,0x00000000eb600000)
 ParOldGen       total 109056K, used 84341K [0x00000000c0000000, 0x00000000c6a80000, 0x00000000eab00000)
  object space 109056K, 77% used [0x00000000c0000000,0x00000000c525d778,0x00000000c6a80000)
 Metaspace       used 81628K, committed 82624K, reserved 1122304K
  class space    used 8549K, committed 9024K, reserved 1048576K
}
Event: 490.490 GC heap before
{Heap before GC invocations=116 (full 7):
 PSYoungGen      total 9216K, used 8704K [0x00000000eab00000, 0x00000000eb700000, 0x0000000100000000)
  eden space 8704K, 100% used [0x00000000eab00000,0x00000000eb380000,0x00000000eb380000)
  from space 512K, 0% used [0x00000000eb680000,0x00000000eb680000,0x00000000eb700000)
  to   space 1024K, 0% used [0x00000000eb500000,0x00000000eb500000,0x00000000eb600000)
 ParOldGen       total 109056K, used 84341K [0x00000000c0000000, 0x00000000c6a80000, 0x00000000eab00000)
  object space 109056K, 77% used [0x00000000c0000000,0x00000000c525d778,0x00000000c6a80000)
 Metaspace       used 81741K, committed 82816K, reserved 1122304K
  class space    used 8565K, committed 9088K, reserved 1048576K
}
Event: 490.491 GC heap after
{Heap after GC invocations=116 (full 7):
 PSYoungGen      total 9728K, used 1000K [0x00000000eab00000, 0x00000000eb700000, 0x0000000100000000)
  eden space 8704K, 0% used [0x00000000eab00000,0x00000000eab00000,0x00000000eb380000)
  from space 1024K, 97% used [0x00000000eb500000,0x00000000eb5fa338,0x00000000eb600000)
  to   space 1024K, 0% used [0x00000000eb600000,0x00000000eb600000,0x00000000eb700000)
 ParOldGen       total 109056K, used 84357K [0x00000000c0000000, 0x00000000c6a80000, 0x00000000eab00000)
  object space 109056K, 77% used [0x00000000c0000000,0x00000000c5261778,0x00000000c6a80000)
 Metaspace       used 81741K, committed 82816K, reserved 1122304K
  class space    used 8565K, committed 9088K, reserved 1048576K
}
Event: 490.593 GC heap before
{Heap before GC invocations=117 (full 7):
 PSYoungGen      total 9728K, used 9704K [0x00000000eab00000, 0x00000000eb700000, 0x0000000100000000)
  eden space 8704K, 100% used [0x00000000eab00000,0x00000000eb380000,0x00000000eb380000)
  from space 1024K, 97% used [0x00000000eb500000,0x00000000eb5fa338,0x00000000eb600000)
  to   space 1024K, 0% used [0x00000000eb600000,0x00000000eb600000,0x00000000eb700000)
 ParOldGen       total 109056K, used 84357K [0x00000000c0000000, 0x00000000c6a80000, 0x00000000eab00000)
  object space 109056K, 77% used [0x00000000c0000000,0x00000000c5261778,0x00000000c6a80000)
 Metaspace       used 81765K, committed 82816K, reserved 1122304K
  class space    used 8566K, committed 9088K, reserved 1048576K
}
Event: 490.594 GC heap after
{Heap after GC invocations=117 (full 7):
 PSYoungGen      total 9216K, used 512K [0x00000000eab00000, 0x00000000eb680000, 0x0000000100000000)
  eden space 8704K, 0% used [0x00000000eab00000,0x00000000eab00000,0x00000000eb380000)
  from space 512K, 100% used [0x00000000eb600000,0x00000000eb680000,0x00000000eb680000)
  to   space 1024K, 0% used [0x00000000eb480000,0x00000000eb480000,0x00000000eb580000)
 ParOldGen       total 109056K, used 85179K [0x00000000c0000000, 0x00000000c6a80000, 0x00000000eab00000)
  object space 109056K, 78% used [0x00000000c0000000,0x00000000c532ef20,0x00000000c6a80000)
 Metaspace       used 81765K, committed 82816K, reserved 1122304K
  class space    used 8566K, committed 9088K, reserved 1048576K
}

Dll operation events (11 events):
Event: 0.032 Loaded shared library c:\Users\mohgupt\.vscode\extensions\redhat.java-1.14.0-win32-x64\jre\17.0.5-win32-x86_64\bin\java.dll
Event: 0.460 Loaded shared library c:\Users\mohgupt\.vscode\extensions\redhat.java-1.14.0-win32-x64\jre\17.0.5-win32-x86_64\bin\zip.dll
Event: 0.466 Loaded shared library C:\Users\mohgupt\.vscode\extensions\redhat.java-1.14.0-win32-x64\jre\17.0.5-win32-x86_64\bin\instrument.dll
Event: 0.496 Loaded shared library C:\Users\mohgupt\.vscode\extensions\redhat.java-1.14.0-win32-x64\jre\17.0.5-win32-x86_64\bin\net.dll
Event: 0.517 Loaded shared library C:\Users\mohgupt\.vscode\extensions\redhat.java-1.14.0-win32-x64\jre\17.0.5-win32-x86_64\bin\nio.dll
Event: 0.545 Loaded shared library C:\Users\mohgupt\.vscode\extensions\redhat.java-1.14.0-win32-x64\jre\17.0.5-win32-x86_64\bin\zip.dll
Event: 0.582 Loaded shared library C:\Users\mohgupt\.vscode\extensions\redhat.java-1.14.0-win32-x64\jre\17.0.5-win32-x86_64\bin\jimage.dll
Event: 0.736 Loaded shared library c:\Users\mohgupt\.vscode\extensions\redhat.java-1.14.0-win32-x64\jre\17.0.5-win32-x86_64\bin\verify.dll
Event: 3.550 Loaded shared library C:\Users\mohgupt\AppData\Roaming\Code\User\globalStorage\redhat.java\1.14.0\config_win\org.eclipse.equinox.launcher\org.eclipse.equinox.launcher.win32.win32.x86_64_1.2.700.v20221108-1024\eclipse_11801.dll
Event: 7.138 Loaded shared library C:\Users\mohgupt\AppData\Local\Temp\jna-1230719864\jna5357030446812865774.dll
Event: 9.831 Loaded shared library C:\Users\mohgupt\.vscode\extensions\redhat.java-1.14.0-win32-x64\jre\17.0.5-win32-x86_64\bin\sunmscapi.dll

Deoptimization events (20 events):
Event: 490.504 Thread 0x0000018c01f5d0b0 DEOPT PACKING pc=0x0000018c68ef1a75 sp=0x0000006a9f4fd3b0
Event: 490.504 Thread 0x0000018c01f5d0b0 DEOPT UNPACKING pc=0x0000018c67112843 sp=0x0000006a9f4fc8d8 mode 0
Event: 490.509 Thread 0x0000018c01f5d0b0 Uncommon trap: trap_request=0xffffffc6 fr.pc=0x0000018c6f3a2234 relative=0x0000000000000174
Event: 490.509 Thread 0x0000018c01f5d0b0 Uncommon trap: reason=bimorphic_or_optimized_type_check action=maybe_recompile pc=0x0000018c6f3a2234 method=org.eclipse.jdt.internal.compiler.lookup.ClassScope.buildMethods()V @ 105 c2
Event: 490.510 Thread 0x0000018c01f5d0b0 DEOPT PACKING pc=0x0000018c6f3a2234 sp=0x0000006a9f4fe280
Event: 490.510 Thread 0x0000018c01f5d0b0 DEOPT UNPACKING pc=0x0000018c671120a3 sp=0x0000006a9f4fe218 mode 2
Event: 490.516 Thread 0x0000018c01f5d0b0 DEOPT PACKING pc=0x0000018c68ef1a75 sp=0x0000006a9f4fd4b0
Event: 490.516 Thread 0x0000018c01f5d0b0 DEOPT UNPACKING pc=0x0000018c67112843 sp=0x0000006a9f4fc9d8 mode 0
Event: 490.610 Thread 0x0000018c01f5d0b0 Uncommon trap: trap_request=0xffffff45 fr.pc=0x0000018c6f3c258c relative=0x000000000000026c
Event: 490.610 Thread 0x0000018c01f5d0b0 Uncommon trap: reason=unstable_if action=reinterpret pc=0x0000018c6f3c258c method=org.eclipse.jdt.internal.compiler.lookup.BinaryTypeBinding.superclass()Lorg/eclipse/jdt/internal/compiler/lookup/ReferenceBinding; @ 175 c2
Event: 490.610 Thread 0x0000018c01f5d0b0 DEOPT PACKING pc=0x0000018c6f3c258c sp=0x0000006a9f4fdd20
Event: 490.610 Thread 0x0000018c01f5d0b0 DEOPT UNPACKING pc=0x0000018c671120a3 sp=0x0000006a9f4fdcb8 mode 2
Event: 490.610 Thread 0x0000018c01f5d0b0 Uncommon trap: trap_request=0xffffff45 fr.pc=0x0000018c6f3c258c relative=0x000000000000026c
Event: 490.610 Thread 0x0000018c01f5d0b0 Uncommon trap: reason=unstable_if action=reinterpret pc=0x0000018c6f3c258c method=org.eclipse.jdt.internal.compiler.lookup.BinaryTypeBinding.superclass()Lorg/eclipse/jdt/internal/compiler/lookup/ReferenceBinding; @ 175 c2
Event: 490.610 Thread 0x0000018c01f5d0b0 DEOPT PACKING pc=0x0000018c6f3c258c sp=0x0000006a9f4fdda0
Event: 490.610 Thread 0x0000018c01f5d0b0 DEOPT UNPACKING pc=0x0000018c671120a3 sp=0x0000006a9f4fdd38 mode 2
Event: 490.610 Thread 0x0000018c01f5d0b0 Uncommon trap: trap_request=0xffffff45 fr.pc=0x0000018c6f3c258c relative=0x000000000000026c
Event: 490.610 Thread 0x0000018c01f5d0b0 Uncommon trap: reason=unstable_if action=reinterpret pc=0x0000018c6f3c258c method=org.eclipse.jdt.internal.compiler.lookup.BinaryTypeBinding.superclass()Lorg/eclipse/jdt/internal/compiler/lookup/ReferenceBinding; @ 175 c2
Event: 490.610 Thread 0x0000018c01f5d0b0 DEOPT PACKING pc=0x0000018c6f3c258c sp=0x0000006a9f4fdde0
Event: 490.610 Thread 0x0000018c01f5d0b0 DEOPT UNPACKING pc=0x0000018c671120a3 sp=0x0000006a9f4fdd80 mode 2

Classes unloaded (7 events):
Event: 5.267 Thread 0x0000018c643f8930 Unloading class 0x0000000100216400 'java/lang/invoke/LambdaForm$MH+0x0000000100216400'
Event: 5.267 Thread 0x0000018c643f8930 Unloading class 0x0000000100216000 'java/lang/invoke/LambdaForm$MH+0x0000000100216000'
Event: 5.267 Thread 0x0000018c643f8930 Unloading class 0x0000000100215c00 'java/lang/invoke/LambdaForm$MH+0x0000000100215c00'
Event: 5.267 Thread 0x0000018c643f8930 Unloading class 0x0000000100215800 'java/lang/invoke/LambdaForm$MH+0x0000000100215800'
Event: 5.267 Thread 0x0000018c643f8930 Unloading class 0x0000000100215000 'java/lang/invoke/LambdaForm$BMH+0x0000000100215000'
Event: 5.267 Thread 0x0000018c643f8930 Unloading class 0x0000000100214c00 'java/lang/invoke/LambdaForm$DMH+0x0000000100214c00'
Event: 5.267 Thread 0x0000018c643f8930 Unloading class 0x0000000100212000 'java/lang/invoke/LambdaForm$DMH+0x0000000100212000'

Classes redefined (0 events):
No events

Internal exceptions (20 events):
Event: 489.974 Thread 0x0000018c01f5d0b0 Implicit null exception at 0x0000018c6f0e0653 to 0x0000018c6f0e07a8
Event: 490.025 Thread 0x0000018c01f5d0b0 Implicit null exception at 0x0000018c6f09c051 to 0x0000018c6f09c7a4
Event: 490.028 Thread 0x0000018c01f5d0b0 Implicit null exception at 0x0000018c6ecd2954 to 0x0000018c6ecd2d44
Event: 490.028 Thread 0x0000018c01f5d0b0 Implicit null exception at 0x0000018c6ec84cec to 0x0000018c6ec84da0
Event: 490.047 Thread 0x0000018c01f5d0b0 Exception <a 'java/lang/NoSuchMethodError'{0x00000000ead19058}: 'java.lang.Object java.lang.invoke.DirectMethodHandle$Holder.newInvokeSpecial(java.lang.Object, java.lang.Object, java.lang.Object, int, int)'> (0x00000000ead19058) 
thrown [s\src\hotspot\share\interpreter\linkResolver.cpp, line 759]
Event: 490.106 Thread 0x0000018c01f5d0b0 Exception <a 'java/lang/NullPointerException'{0x00000000eb30d760}> (0x00000000eb30d760) 
thrown [s\src\hotspot\share\interpreter\linkResolver.cpp, line 1350]
Event: 490.144 Thread 0x0000018c01f5d0b0 Implicit null exception at 0x0000018c6f4a6744 to 0x0000018c6f4a9194
Event: 490.251 Thread 0x0000018c01f5d0b0 Exception <a 'java/lang/NullPointerException'{0x00000000eb2362b8}> (0x00000000eb2362b8) 
thrown [s\src\hotspot\share\interpreter\linkResolver.cpp, line 1350]
Event: 490.251 Thread 0x0000018c01f5d0b0 Exception <a 'java/lang/NullPointerException'{0x00000000eb236db8}> (0x00000000eb236db8) 
thrown [s\src\hotspot\share\interpreter\linkResolver.cpp, line 1350]
Event: 490.297 Thread 0x0000018c01f5d0b0 Exception <a 'java/lang/NullPointerException'{0x00000000eaf10478}> (0x00000000eaf10478) 
thrown [s\src\hotspot\share\interpreter\linkResolver.cpp, line 1350]
Event: 490.297 Thread 0x0000018c01f5d0b0 Exception <a 'java/lang/NullPointerException'{0x00000000eaf11058}> (0x00000000eaf11058) 
thrown [s\src\hotspot\share\interpreter\linkResolver.cpp, line 1350]
Event: 490.297 Thread 0x0000018c01f5d0b0 Exception <a 'java/lang/NullPointerException'{0x00000000eaf12508}> (0x00000000eaf12508) 
thrown [s\src\hotspot\share\interpreter\linkResolver.cpp, line 1350]
Event: 490.315 Thread 0x0000018c01f5d0b0 Exception <a 'java/lang/NullPointerException'{0x00000000eb1d51b8}> (0x00000000eb1d51b8) 
thrown [s\src\hotspot\share\interpreter\linkResolver.cpp, line 1350]
Event: 490.315 Thread 0x0000018c01f5d0b0 Exception <a 'java/lang/NullPointerException'{0x00000000eb1d8c58}> (0x00000000eb1d8c58) 
thrown [s\src\hotspot\share\interpreter\linkResolver.cpp, line 1350]
Event: 490.315 Thread 0x0000018c01f5d0b0 Exception <a 'java/lang/NullPointerException'{0x00000000eb1da258}> (0x00000000eb1da258) 
thrown [s\src\hotspot\share\interpreter\linkResolver.cpp, line 1350]
Event: 490.315 Thread 0x0000018c01f5d0b0 Exception <a 'java/lang/NullPointerException'{0x00000000eb1db6d0}> (0x00000000eb1db6d0) 
thrown [s\src\hotspot\share\interpreter\linkResolver.cpp, line 1350]
Event: 490.470 Thread 0x0000018c01f5d0b0 Implicit null exception at 0x0000018c6f26c695 to 0x0000018c6f273128
Event: 490.470 Thread 0x0000018c01f5d0b0 Implicit null exception at 0x0000018c6f31b313 to 0x0000018c6f31f888
Event: 490.476 Thread 0x0000018c01f5d0b0 Implicit null exception at 0x0000018c6edb7300 to 0x0000018c6edb7508
Event: 490.604 Thread 0x0000018c01f5d0b0 Exception <a 'java/lang/NullPointerException'{0x00000000eacc3a80}> (0x00000000eacc3a80) 
thrown [s\src\hotspot\share\interpreter\linkResolver.cpp, line 1350]

VM Operations (20 events):
Event: 490.074 Executing VM operation: HandshakeAllThreads
Event: 490.075 Executing VM operation: HandshakeAllThreads done
Event: 490.109 Executing VM operation: ParallelGCFailedAllocation
Event: 490.111 Executing VM operation: ParallelGCFailedAllocation done
Event: 490.161 Executing VM operation: HandshakeAllThreads
Event: 490.161 Executing VM operation: HandshakeAllThreads done
Event: 490.198 Executing VM operation: ParallelGCFailedAllocation
Event: 490.200 Executing VM operation: ParallelGCFailedAllocation done
Event: 490.261 Executing VM operation: ParallelGCFailedAllocation
Event: 490.262 Executing VM operation: ParallelGCFailedAllocation done
Event: 490.328 Executing VM operation: ParallelGCFailedAllocation
Event: 490.410 Executing VM operation: ParallelGCFailedAllocation done
Event: 490.437 Executing VM operation: HandshakeAllThreads
Event: 490.437 Executing VM operation: HandshakeAllThreads done
Event: 490.482 Executing VM operation: HandshakeAllThreads
Event: 490.482 Executing VM operation: HandshakeAllThreads done
Event: 490.490 Executing VM operation: ParallelGCFailedAllocation
Event: 490.491 Executing VM operation: ParallelGCFailedAllocation done
Event: 490.593 Executing VM operation: ParallelGCFailedAllocation
Event: 490.594 Executing VM operation: ParallelGCFailedAllocation done

Events (20 events):
Event: 490.442 Thread 0x0000018c78a0dc10 flushing nmethod 0x0000018c6f29f610
Event: 490.442 Thread 0x0000018c78a0dc10 flushing nmethod 0x0000018c6f336590
Event: 490.442 Thread 0x0000018c78a0dc10 flushing nmethod 0x0000018c6f396090
Event: 490.442 Thread 0x0000018c78a0dc10 flushing nmethod 0x0000018c6f3db790
Event: 490.442 Thread 0x0000018c78a0dc10 flushing nmethod 0x0000018c6f411710
Event: 490.443 Thread 0x0000018c78a0dc10 flushing nmethod 0x0000018c6f49ed90
Event: 490.443 Thread 0x0000018c78a0dc10 flushing nmethod 0x0000018c6f543710
Event: 490.445 Thread 0x0000018c78a0dc10 flushing nmethod 0x0000018c67877a10
Event: 490.446 Thread 0x0000018c78a0dc10 flushing nmethod 0x0000018c6790d490
Event: 490.456 Thread 0x0000018c78a0dc10 flushing nmethod 0x0000018c6834dc90
Event: 490.457 Thread 0x0000018c78a0dc10 flushing nmethod 0x0000018c684bf390
Event: 490.460 Thread 0x0000018c78a0dc10 flushing nmethod 0x0000018c6891f290
Event: 490.461 Thread 0x0000018c78a0dc10 flushing nmethod 0x0000018c68a6e310
Event: 490.462 Thread 0x0000018c78a0dc10 flushing nmethod 0x0000018c68b8c210
Event: 490.463 Thread 0x0000018c78a0dc10 flushing nmethod 0x0000018c68cf5b90
Event: 490.464 Thread 0x0000018c78a0dc10 flushing nmethod 0x0000018c68eab490
Event: 490.464 Thread 0x0000018c78a0dc10 flushing nmethod 0x0000018c68f52f10
Event: 490.465 Thread 0x0000018c78a0dc10 flushing nmethod 0x0000018c69005790
Event: 490.465 Thread 0x0000018c78a0dc10 flushing nmethod 0x0000018c6907e310
Event: 490.465 Thread 0x0000018c78a0dc10 flushing nmethod 0x0000018c6907f690


Dynamic libraries:
0x00007ff655460000 - 0x00007ff65546e000 	c:\Users\mohgupt\.vscode\extensions\redhat.java-1.14.0-win32-x64\jre\17.0.5-win32-x86_64\bin\java.exe
0x00007ffa4ef20000 - 0x00007ffa4f129000 	C:\WINDOWS\SYSTEM32\ntdll.dll
0x00007ffa4e7e0000 - 0x00007ffa4e89e000 	C:\WINDOWS\System32\KERNEL32.DLL
0x00007ffa4c3f0000 - 0x00007ffa4c76b000 	C:\WINDOWS\System32\KERNELBASE.dll
0x00007ffa4cac0000 - 0x00007ffa4cbd1000 	C:\WINDOWS\System32\ucrtbase.dll
0x00007ffa39d30000 - 0x00007ffa39d47000 	c:\Users\mohgupt\.vscode\extensions\redhat.java-1.14.0-win32-x64\jre\17.0.5-win32-x86_64\bin\jli.dll
0x00007ffa37610000 - 0x00007ffa37629000 	c:\Users\mohgupt\.vscode\extensions\redhat.java-1.14.0-win32-x64\jre\17.0.5-win32-x86_64\bin\VCRUNTIME140.dll
0x00007ffa4d830000 - 0x00007ffa4d9dd000 	C:\WINDOWS\System32\USER32.dll
0x00007ffa35430000 - 0x00007ffa356d5000 	C:\WINDOWS\WinSxS\amd64_microsoft.windows.common-controls_6595b64144ccf1df_6.0.22000.120_none_9d947278b86cc467\COMCTL32.dll
0x00007ffa4ec60000 - 0x00007ffa4ed03000 	C:\WINDOWS\System32\msvcrt.dll
0x00007ffa4dc90000 - 0x00007ffa4dcb9000 	C:\WINDOWS\System32\GDI32.dll
0x00007ffa4c8b0000 - 0x00007ffa4c8d6000 	C:\WINDOWS\System32\win32u.dll
0x00007ffa4cc80000 - 0x00007ffa4cd98000 	C:\WINDOWS\System32\gdi32full.dll
0x00007ffa4cbe0000 - 0x00007ffa4cc7d000 	C:\WINDOWS\System32\msvcp_win.dll
0x00007ffa4cf30000 - 0x00007ffa4cf62000 	C:\WINDOWS\System32\IMM32.DLL
0x0000018c64310000 - 0x0000018c64324000 	C:\WINDOWS\System32\umppc16207.dll
0x00007ffa45ea0000 - 0x00007ffa45eac000 	c:\Users\mohgupt\.vscode\extensions\redhat.java-1.14.0-win32-x64\jre\17.0.5-win32-x86_64\bin\vcruntime140_1.dll
0x00007ffa107e0000 - 0x00007ffa10871000 	c:\Users\mohgupt\.vscode\extensions\redhat.java-1.14.0-win32-x64\jre\17.0.5-win32-x86_64\bin\msvcp140.dll
0x00007ff9f1fb0000 - 0x00007ff9f2bf4000 	c:\Users\mohgupt\.vscode\extensions\redhat.java-1.14.0-win32-x64\jre\17.0.5-win32-x86_64\bin\server\jvm.dll
0x00007ffa4ee30000 - 0x00007ffa4eede000 	C:\WINDOWS\System32\ADVAPI32.dll
0x00007ffa4e140000 - 0x00007ffa4e1de000 	C:\WINDOWS\System32\sechost.dll
0x00007ffa4cda0000 - 0x00007ffa4cec0000 	C:\WINDOWS\System32\RPCRT4.dll
0x00007ffa31070000 - 0x00007ffa31079000 	C:\WINDOWS\SYSTEM32\WSOCK32.dll
0x00007ffa4e940000 - 0x00007ffa4e9af000 	C:\WINDOWS\System32\WS2_32.dll
0x00007ffa45450000 - 0x00007ffa45483000 	C:\WINDOWS\SYSTEM32\WINMM.dll
0x00007ffa433b0000 - 0x00007ffa433ba000 	C:\WINDOWS\SYSTEM32\VERSION.dll
0x00007ffa4b560000 - 0x00007ffa4b578000 	C:\WINDOWS\SYSTEM32\kernel.appcore.dll
0x00007ffa45490000 - 0x00007ffa4549a000 	c:\Users\mohgupt\.vscode\extensions\redhat.java-1.14.0-win32-x64\jre\17.0.5-win32-x86_64\bin\jimage.dll
0x00007ffa4a0f0000 - 0x00007ffa4a311000 	C:\WINDOWS\SYSTEM32\DBGHELP.DLL
0x00007ffa35090000 - 0x00007ffa350c1000 	C:\WINDOWS\SYSTEM32\dbgcore.DLL
0x00007ffa4c830000 - 0x00007ffa4c8af000 	C:\WINDOWS\System32\bcryptPrimitives.dll
0x00007ffa44ab0000 - 0x00007ffa44abe000 	c:\Users\mohgupt\.vscode\extensions\redhat.java-1.14.0-win32-x64\jre\17.0.5-win32-x86_64\bin\instrument.dll
0x00007ffa36710000 - 0x00007ffa36735000 	c:\Users\mohgupt\.vscode\extensions\redhat.java-1.14.0-win32-x64\jre\17.0.5-win32-x86_64\bin\java.dll
0x00007ffa375c0000 - 0x00007ffa375d8000 	c:\Users\mohgupt\.vscode\extensions\redhat.java-1.14.0-win32-x64\jre\17.0.5-win32-x86_64\bin\zip.dll
0x00007ffa4cfd0000 - 0x00007ffa4d787000 	C:\WINDOWS\System32\SHELL32.dll
0x00007ffa4a610000 - 0x00007ffa4ae75000 	C:\WINDOWS\SYSTEM32\windows.storage.dll
0x00007ffa4e460000 - 0x00007ffa4e7d8000 	C:\WINDOWS\System32\combase.dll
0x00007ffa4a470000 - 0x00007ffa4a5d6000 	C:\WINDOWS\SYSTEM32\wintypes.dll
0x00007ffa4e9b0000 - 0x00007ffa4ea9a000 	C:\WINDOWS\System32\SHCORE.dll
0x00007ffa4cf70000 - 0x00007ffa4cfcd000 	C:\WINDOWS\System32\shlwapi.dll
0x00007ffa4c320000 - 0x00007ffa4c341000 	C:\WINDOWS\SYSTEM32\profapi.dll
0x00007ffa36a70000 - 0x00007ffa36a89000 	C:\Users\mohgupt\.vscode\extensions\redhat.java-1.14.0-win32-x64\jre\17.0.5-win32-x86_64\bin\net.dll
0x00007ffa48690000 - 0x00007ffa487a4000 	C:\WINDOWS\SYSTEM32\WINHTTP.dll
0x00007ffa4ba00000 - 0x00007ffa4ba67000 	C:\WINDOWS\system32\mswsock.dll
0x00007ffa36a40000 - 0x00007ffa36a55000 	C:\Users\mohgupt\.vscode\extensions\redhat.java-1.14.0-win32-x64\jre\17.0.5-win32-x86_64\bin\nio.dll
0x00007ffa44560000 - 0x00007ffa44570000 	c:\Users\mohgupt\.vscode\extensions\redhat.java-1.14.0-win32-x64\jre\17.0.5-win32-x86_64\bin\verify.dll
0x00007ffa315a0000 - 0x00007ffa315de000 	C:\Users\mohgupt\AppData\Roaming\Code\User\globalStorage\redhat.java\1.14.0\config_win\org.eclipse.equinox.launcher\org.eclipse.equinox.launcher.win32.win32.x86_64_1.2.700.v20221108-1024\eclipse_11801.dll
0x00007ffa4eaa0000 - 0x00007ffa4ec3a000 	C:\WINDOWS\System32\ole32.dll
0x00007ffa4bc40000 - 0x00007ffa4bc58000 	C:\WINDOWS\SYSTEM32\CRYPTSP.dll
0x00007ffa4b4c0000 - 0x00007ffa4b4f5000 	C:\WINDOWS\system32\rsaenh.dll
0x00007ffa4baf0000 - 0x00007ffa4bb19000 	C:\WINDOWS\SYSTEM32\USERENV.dll
0x00007ffa4bdd0000 - 0x00007ffa4bdf7000 	C:\WINDOWS\SYSTEM32\bcrypt.dll
0x00007ffa4bc60000 - 0x00007ffa4bc6c000 	C:\WINDOWS\SYSTEM32\CRYPTBASE.dll
0x00007ffa4afe0000 - 0x00007ffa4b00d000 	C:\WINDOWS\SYSTEM32\IPHLPAPI.DLL
0x00007ffa4e930000 - 0x00007ffa4e939000 	C:\WINDOWS\System32\NSI.dll
0x00007ffa45fc0000 - 0x00007ffa45fd9000 	C:\WINDOWS\SYSTEM32\dhcpcsvc6.DLL
0x00007ffa45f70000 - 0x00007ffa45f8e000 	C:\WINDOWS\SYSTEM32\dhcpcsvc.DLL
0x00007ffa4b040000 - 0x00007ffa4b128000 	C:\WINDOWS\SYSTEM32\DNSAPI.dll
0x00007ffa30560000 - 0x00007ffa305a0000 	C:\Users\mohgupt\AppData\Local\Temp\jna-1230719864\jna5357030446812865774.dll
0x00007ffa4d800000 - 0x00007ffa4d808000 	C:\WINDOWS\System32\PSAPI.DLL
0x00007ffa444c0000 - 0x00007ffa444ce000 	C:\Users\mohgupt\.vscode\extensions\redhat.java-1.14.0-win32-x64\jre\17.0.5-win32-x86_64\bin\sunmscapi.dll
0x00007ffa4c8e0000 - 0x00007ffa4ca42000 	C:\WINDOWS\System32\CRYPT32.dll
0x00007ffa4bda0000 - 0x00007ffa4bdc8000 	C:\WINDOWS\SYSTEM32\ncrypt.dll
0x00007ffa4bd60000 - 0x00007ffa4bd97000 	C:\WINDOWS\SYSTEM32\NTASN1.dll
0x00007ffa433c0000 - 0x00007ffa433ca000 	C:\Windows\System32\rasadhlp.dll
0x00007ffa46720000 - 0x00007ffa467a1000 	C:\WINDOWS\System32\fwpuclnt.dll

dbghelp: loaded successfully - version: 4.0.5 - missing functions: none
symbol engine: initialized successfully - sym options: 0x614 - pdb path: .;c:\Users\mohgupt\.vscode\extensions\redhat.java-1.14.0-win32-x64\jre\17.0.5-win32-x86_64\bin;C:\WINDOWS\SYSTEM32;C:\WINDOWS\WinSxS\amd64_microsoft.windows.common-controls_6595b64144ccf1df_6.0.22000.120_none_9d947278b86cc467;c:\Users\mohgupt\.vscode\extensions\redhat.java-1.14.0-win32-x64\jre\17.0.5-win32-x86_64\bin\server;C:\Users\mohgupt\AppData\Roaming\Code\User\globalStorage\redhat.java\1.14.0\config_win\org.eclipse.equinox.launcher\org.eclipse.equinox.launcher.win32.win32.x86_64_1.2.700.v20221108-1024;C:\Users\mohgupt\AppData\Local\Temp\jna-1230719864

VM Arguments:
jvm_args: --add-modules=ALL-SYSTEM --add-opens=java.base/java.util=ALL-UNNAMED --add-opens=java.base/java.lang=ALL-UNNAMED --add-opens=java.base/sun.nio.fs=ALL-UNNAMED -Declipse.application=org.eclipse.jdt.ls.core.id1 -Dosgi.bundles.defaultStartLevel=4 -Declipse.product=org.eclipse.jdt.ls.core.product -Djava.import.generatesMetadataFilesAtProjectRoot=false -Dfile.encoding=utf8 -XX:+UseParallelGC -XX:GCTimeRatio=4 -XX:AdaptiveSizePolicyWeight=90 -Dsun.zip.disableMemoryMapping=true -Xmx1G -Xms100m -Xlog:disable -javaagent:c:\Users\mohgupt\.vscode\extensions\redhat.java-1.14.0-win32-x64\lombok\lombok-1.18.24.jar -XX:+HeapDumpOnOutOfMemoryError -XX:HeapDumpPath=c:\Users\mohgupt\AppData\Roaming\Code\User\workspaceStorage\e5c2113bf48eb89d724292ea34da7c65\redhat.java 
java_command: c:\Users\mohgupt\.vscode\extensions\redhat.java-1.14.0-win32-x64\server\plugins\org.eclipse.equinox.launcher_1.6.400.v20210924-0641.jar -configuration c:\Users\mohgupt\AppData\Roaming\Code\User\globalStorage\redhat.java\1.14.0\config_win -data c:\Users\mohgupt\AppData\Roaming\Code\User\workspaceStorage\e5c2113bf48eb89d724292ea34da7c65\redhat.java\jdt_ws
java_class_path (initial): c:\Users\mohgupt\.vscode\extensions\redhat.java-1.14.0-win32-x64\server\plugins\org.eclipse.equinox.launcher_1.6.400.v20210924-0641.jar
Launcher Type: SUN_STANDARD

[Global flags]
    uintx AdaptiveSizePolicyWeight                 = 90                                        {product} {command line}
     intx CICompilerCount                          = 4                                         {product} {ergonomic}
    uintx GCTimeRatio                              = 4                                         {product} {command line}
     bool HeapDumpOnOutOfMemoryError               = true                                   {manageable} {command line}
    ccstr HeapDumpPath                             = c:\Users\mohgupt\AppData\Roaming\Code\User\workspaceStorage\e5c2113bf48eb89d724292ea34da7c65\redhat.java         {manageable} {command line}
   size_t InitialHeapSize                          = 104857600                                 {product} {command line}
   size_t MaxHeapSize                              = 1073741824                                {product} {command line}
   size_t MaxNewSize                               = 357564416                                 {product} {ergonomic}
   size_t MinHeapDeltaBytes                        = 524288                                    {product} {ergonomic}
   size_t MinHeapSize                              = 104857600                                 {product} {command line}
   size_t NewSize                                  = 34603008                                  {product} {ergonomic}
    uintx NonNMethodCodeHeapSize                   = 5839372                                {pd product} {ergonomic}
    uintx NonProfiledCodeHeapSize                  = 122909434                              {pd product} {ergonomic}
   size_t OldSize                                  = 70254592                                  {product} {ergonomic}
    uintx ProfiledCodeHeapSize                     = 122909434                              {pd product} {ergonomic}
    uintx ReservedCodeCacheSize                    = 251658240                              {pd product} {ergonomic}
     bool SegmentedCodeCache                       = true                                      {product} {ergonomic}
   size_t SoftMaxHeapSize                          = 1073741824                             {manageable} {ergonomic}
     bool UseCompressedClassPointers               = true                           {product lp64_product} {ergonomic}
     bool UseCompressedOops                        = true                           {product lp64_product} {ergonomic}
     bool UseLargePagesIndividualAllocation        = false                                  {pd product} {ergonomic}
     bool UseParallelGC                            = true                                      {product} {command line}

Logging:
Log output configuration:
 #0: stdout all=off uptime,level,tags
 #1: stderr all=off uptime,level,tags

Environment Variables:
JAVA_HOME=C:\Program Files\Java\jdk-13.0.2\bin
PATH=C:\Program Files (x86)\Microsoft SDKs\Azure\CLI2\wbin;C:\Program Files\iis express\PHP\v7.2;C:\WINDOWS\system32\inetsrv;C:\Program Files\iis express\PHP\v7.1;C:\Program Files\PHP\v7.3;C:\Program Files (x86)\Common Files\Oracle\Java\javapath;C:\Python27\;C:\Python27\Scripts;C:\Program Files\Microsoft MPI\Bin\;C:\WINDOWS\system32;C:\WINDOWS;C:\WINDOWS\System32\Wbem;C:\WINDOWS\System32\WindowsPowerShell\v1.0\;C:\WINDOWS\System32\OpenSSH\;C:\Program Files\Microsoft SQL Server\130\Tools\Binn\;C:\Program Files\dotnet\;C:\Program Files\Git\cmd;C:\Program Files (x86)\Brackets\command;C:\Program Files (x86)\Microsoft SQL Server\Client SDK\ODBC\130\Tools\Binn\;C:\Program Files (x86)\Microsoft SQL Server\140\Tools\Binn\;C:\Program Files (x86)\Microsoft SQL Server\140\DTS\Binn\;C:\Program Files (x86)\Microsoft SQL Server\140\Tools\Binn\ManagementStudio\;C:\Program Files\Microsoft SQL Server\140\Tools\Binn\;C:\Program Files\Microsoft SQL Server\140;C:\Program Files\Intel\WiFi\bin\;C:\Program Files\Common Files\Intel\WirelessCom;C:\Program Files\PuTTY\;C:\Program Files (x86)\;C:\WINDOWS\system32;C:\WINDOWS;C:\WINDOWS\System32\Wbem;C:\WINDOWS\System32\WindowsPowerShell\v1.0\;C:\WINDOWS\System32\OpenSSH\;C:\Program Files\Microsoft SQL Server\Client SDK\ODBC\170\Tools\Binn\;c:\Program Files (x86)\Intel\Intel(R) Management Engine Components\DAL;c:\Program Files\Intel\Intel(R) Management Engine Components\DAL;C:\Program Files (x86)\dotnet\;c:\Program Files\Microsoft SQL Server\Client SDK\ODBC\130\Tools\Binn\;c:\Program Files\Microsoft SQL Server\140\DTS\Binn\;C:\Users\mohgupt\AppData\Local\Microsoft\WindowsApps;C:\Users\mohgupt\AppData\Roaming\npm;C:\Users\mohgupt\AppData\Local\Programs\Microsoft VS Code\bin;C:\Users\mohgupt\AppData\Roaming\npm\node_modules;C:\Users\mohgupt\AppData\Local\Programs\Fiddler;C:\Program Files\Intel\WiFi\bin\;C:\Program Files\Common Files\Intel\WirelessCommon\;C:\Users\mohgupt\AppData\Local\Android\sdk\platform-tools;C:\Users\mohgupt\.dotnet\tools;C:\User
USERNAME=mohgupt
OS=Windows_NT
PROCESSOR_IDENTIFIER=Intel64 Family 6 Model 142 Stepping 10, GenuineIntel
TMP=C:\Users\mohgupt\AppData\Local\Temp
TEMP=C:\Users\mohgupt\AppData\Local\Temp



---------------  S Y S T E M  ---------------

OS:
 Windows 11 , 64 bit Build 22000 (10.0.22000.1335)
OS uptime: 13 days 8:07 hours

CPU: total 8 (initial active 8) (4 cores per cpu, 2 threads per core) family 6 model 142 stepping 10 microcode 0xf0, cx8, cmov, fxsr, ht, mmx, 3dnowpref, sse, sse2, sse3, ssse3, sse4.1, sse4.2, popcnt, lzcnt, tsc, tscinvbit, avx, avx2, aes, erms, clmul, bmi1, bmi2, rtm, adx, fma, vzeroupper, clflush, clflushopt

Memory: 4k page, system-wide physical 16222M (857M free)
TotalPageFile size 46735M (AvailPageFile size 9M)
current process WorkingSet (physical memory assigned to process): 366M, peak: 374M
current process commit charge ("private bytes"): 400M, peak: 431M

vm_info: OpenJDK 64-Bit Server VM (17.0.5+8) for windows-amd64 JRE (17.0.5+8), built on Oct 19 2022 04:48:13 by "temurin" with MS VC++ 16.7 (VS2019)

END.
