#
# There is insufficient memory for the Java Runtime Environment to continue.
# Native memory allocation (malloc) failed to allocate 1048576 bytes for AllocateHeap
# Possible reasons:
#   The system is out of physical RAM or swap space
#   The process is running with CompressedOops enabled, and the Java Heap may be blocking the growth of the native heap
# Possible solutions:
#   Reduce memory load on the system
#   Increase physical memory or swap space
#   Check if swap backing store is full
#   Decrease Java heap size (-Xmx/-Xms)
#   Decrease number of Java threads
#   Decrease Java thread stack sizes (-Xss)
#   Set larger code cache with -XX:ReservedCodeCacheSize=
#   JVM is running with Unscaled Compressed Oops mode in which the Java heap is
#     placed in the first 4GB address space. The Java Heap base address is the
#     maximum limit for the native heap growth. Please use -XX:HeapBaseMinAddress
#     to set the Java Heap base and to place the Java Heap above 4GB virtual address.
# This output file may be truncated or incomplete.
#
#  Out of Memory Error (allocation.cpp:44), pid=24164, tid=40928
#
# JRE version:  (17.0.5+8) (build )
# Java VM: OpenJDK 64-Bit Server VM (17.0.5+8, mixed mode, tiered, compressed oops, compressed class ptrs, parallel gc, windows-amd64)
# No core dump will be written. Minidumps are not enabled by default on client versions of Windows
#

---------------  S U M M A R Y ------------

Command Line: --add-modules=ALL-SYSTEM --add-opens=java.base/java.util=ALL-UNNAMED --add-opens=java.base/java.lang=ALL-UNNAMED --add-opens=java.base/sun.nio.fs=ALL-UNNAMED -Declipse.application=org.eclipse.jdt.ls.core.id1 -Dosgi.bundles.defaultStartLevel=4 -Declipse.product=org.eclipse.jdt.ls.core.product -Djava.import.generatesMetadataFilesAtProjectRoot=false -Dfile.encoding=utf8 -XX:+UseParallelGC -XX:GCTimeRatio=4 -XX:AdaptiveSizePolicyWeight=90 -Dsun.zip.disableMemoryMapping=true -Xmx1G -Xms100m -Xlog:disable -javaagent:c:\Users\mohgupt\.vscode\extensions\redhat.java-1.14.0-win32-x64\lombok\lombok-1.18.24.jar -XX:+HeapDumpOnOutOfMemoryError -XX:HeapDumpPath=c:\Users\mohgupt\AppData\Roaming\Code\User\workspaceStorage\e5c2113bf48eb89d724292ea34da7c65\redhat.java c:\Users\mohgupt\.vscode\extensions\redhat.java-1.14.0-win32-x64\server\plugins\org.eclipse.equinox.launcher_1.6.400.v20210924-0641.jar -configuration c:\Users\mohgupt\AppData\Roaming\Code\User\globalStorage\redhat.java\1.14.0\config_win -data c:\Users\mohgupt\AppData\Roaming\Code\User\workspaceStorage\e5c2113bf48eb89d724292ea34da7c65\redhat.java\jdt_ws

Host: Intel(R) Core(TM) i7-8650U CPU @ 1.90GHz, 8 cores, 15G,  Windows 11 , 64 bit Build 22000 (10.0.22000.1335)
Time: Sun Jan 29 19:53:57 2023 India Standard Time elapsed time: 1.474359 seconds (0d 0h 0m 1s)

---------------  T H R E A D  ---------------

Current thread (0x000001dbec3cbea0):  JavaThread "Unknown thread" [_thread_in_vm, id=40928, stack(0x0000008466d00000,0x0000008466e00000)]

Stack: [0x0000008466d00000,0x0000008466e00000]
Native frames: (J=compiled Java code, j=interpreted, Vv=VM code, C=native code)
V  [jvm.dll+0x676b3a]
V  [jvm.dll+0x831444]
V  [jvm.dll+0x832bee]
V  [jvm.dll+0x833253]
V  [jvm.dll+0x244ce5]
V  [jvm.dll+0xa631f]
V  [jvm.dll+0x6a9056]
V  [jvm.dll+0x6a9bff]
V  [jvm.dll+0x683233]
V  [jvm.dll+0x80383b]
V  [jvm.dll+0x368c34]
V  [jvm.dll+0x7e265c]
V  [jvm.dll+0x3eb17f]
V  [jvm.dll+0x3eccc1]
C  [jli.dll+0x5267]
C  [ucrtbase.dll+0x26c0c]
C  [KERNEL32.DLL+0x155a0]
C  [ntdll.dll+0x485b]


---------------  P R O C E S S  ---------------

Threads class SMR info:
_java_thread_list=0x00007ff9f2ac2f18, length=0, elements={
}

Java Threads: ( => current thread )

Other Threads:
  0x000001dbec3e41a0 GCTaskThread "GC Thread#0" [stack: 0x0000008466e00000,0x0000008466f00000] [id=38504]

=>0x000001dbec3cbea0 (exited) JavaThread "Unknown thread" [_thread_in_vm, id=40928, stack(0x0000008466d00000,0x0000008466e00000)]

Threads with active compile tasks:

VM state: not at safepoint (normal execution)

VM Mutex/Monitor currently owned by a thread: None

Heap address: 0x00000000c0000000, size: 1024 MB, Compressed Oops mode: 32-bit

CDS archive(s) not mapped
Compressed class space mapped at: 0x0000000100000000-0x0000000140000000, reserved size: 1073741824
Narrow klass base: 0x0000000000000000, Narrow klass shift: 3, Narrow klass range: 0x140000000

GC Precious Log:
 CPUs: 8 total, 8 available
 Memory: 16222M
 Large Page Support: Disabled
 NUMA Support: Disabled
 Compressed Oops: Enabled (32-bit)
 Alignments: Space 512K, Generation 512K, Heap 2M
 Heap Min Capacity: 100M
 Heap Initial Capacity: 100M
 Heap Max Capacity: 1G
 Pre-touch: Disabled
 Parallel Workers: 8

Heap:
 PSYoungGen      total 29696K, used 512K [0x00000000eab00000, 0x00000000ecc00000, 0x0000000100000000)
  eden space 25600K, 2% used [0x00000000eab00000,0x00000000eab80070,0x00000000ec400000)
  from space 4096K, 0% used [0x00000000ec800000,0x00000000ec800000,0x00000000ecc00000)
  to   space 4096K, 0% used [0x00000000ec400000,0x00000000ec400000,0x00000000ec800000)
 ParOldGen       total 68608K, used 0K [0x00000000c0000000, 0x00000000c4300000, 0x00000000eab00000)
  object space 68608K, 0% used [0x00000000c0000000,0x00000000c0000000,0x00000000c4300000)
 Metaspace       used 1149K, committed 1216K, reserved 1056768K
  class space    used 101K, committed 128K, reserved 1048576K

Card table byte_map: [0x000001dbfe330000,0x000001dbfe540000] _byte_map_base: 0x000001dbfdd30000

Marking Bits: (ParMarkBitMap*) 0x00007ff9f2b30dd0
 Begin Bits: [0x000001db80000000, 0x000001db81000000)
 End Bits:   [0x000001db81000000, 0x000001db82000000)

Polling page: 0x000001dbeab90000

Metaspace:

Usage:
  Non-class:      1.02 MB used.
      Class:    101.01 KB used.
       Both:      1.12 MB used.

Virtual space:
  Non-class space:        8.00 MB reserved,       1.06 MB ( 13%) committed,  1 nodes.
      Class space:        1.00 GB reserved,     128.00 KB ( <1%) committed,  1 nodes.
             Both:        1.01 GB reserved,       1.19 MB ( <1%) committed. 

Chunk freelists:
   Non-Class:  0 bytes
       Class:  3.75 MB
        Both:  3.75 MB

MaxMetaspaceSize: unlimited
CompressedClassSpaceSize: 1.00 GB
Initial GC threshold: 21.00 MB
Current GC threshold: 17179869184.00 GB
CDS: off
MetaspaceReclaimPolicy: balanced
 - commit_granule_bytes: 65536.
 - commit_granule_words: 8192.
 - virtual_space_node_default_size: 1048576.
 - enlarge_chunks_in_place: 1.
 - new_chunks_are_fully_committed: 0.
 - uncommit_free_chunks: 1.
 - use_allocation_guard: 0.
 - handle_deallocations: 1.


Internal statistics:

num_allocs_failed_limit: 0.
num_arena_births: 2.
num_arena_deaths: 0.
num_vsnodes_births: 2.
num_vsnodes_deaths: 0.
num_space_committed: 19.
num_space_uncommitted: 0.
num_chunks_returned_to_freelist: 0.
num_chunks_taken_from_freelist: 3.
num_chunk_merges: 0.
num_chunk_splits: 1.
num_chunks_enlarged: 0.
num_purges: 0.
num_inconsistent_stats: 0.

CodeHeap 'non-profiled nmethods': size=120000Kb used=0Kb max_used=0Kb free=120000Kb
 bounds [0x000001dbf6c20000, 0x000001dbf6e90000, 0x000001dbfe150000]
CodeHeap 'profiled nmethods': size=120000Kb used=0Kb max_used=0Kb free=120000Kb
 bounds [0x000001dbef6f0000, 0x000001dbef960000, 0x000001dbf6c20000]
CodeHeap 'non-nmethods': size=5760Kb used=202Kb max_used=335Kb free=5557Kb
 bounds [0x000001dbef150000, 0x000001dbef3c0000, 0x000001dbef6f0000]
 total_blobs=66 nmethods=0 adapters=47
 compilation: enabled
              stopped_count=0, restarted_count=0
 full_count=0

Compilation events (0 events):
No events

GC Heap History (0 events):
No events

Dll operation events (1 events):
Event: 0.078 Loaded shared library c:\Users\mohgupt\.vscode\extensions\redhat.java-1.14.0-win32-x64\jre\17.0.5-win32-x86_64\bin\java.dll

Deoptimization events (0 events):
No events

Classes unloaded (0 events):
No events

Classes redefined (0 events):
No events

Internal exceptions (0 events):
No events

VM Operations (0 events):
No events

Events (20 events):
Event: 0.271 loading class java/lang/Long
Event: 0.271 loading class java/lang/Long done
Event: 0.271 loading class java/util/Iterator
Event: 0.271 loading class java/util/Iterator done
Event: 0.271 loading class java/lang/reflect/RecordComponent
Event: 0.271 loading class java/lang/reflect/RecordComponent done
Event: 0.271 loading class jdk/internal/vm/vector/VectorSupport
Event: 0.271 loading class jdk/internal/vm/vector/VectorSupport done
Event: 0.271 loading class jdk/internal/vm/vector/VectorSupport$VectorPayload
Event: 0.272 loading class jdk/internal/vm/vector/VectorSupport$VectorPayload done
Event: 0.272 loading class jdk/internal/vm/vector/VectorSupport$Vector
Event: 0.272 loading class jdk/internal/vm/vector/VectorSupport$Vector done
Event: 0.272 loading class jdk/internal/vm/vector/VectorSupport$VectorMask
Event: 0.272 loading class jdk/internal/vm/vector/VectorSupport$VectorMask done
Event: 0.272 loading class jdk/internal/vm/vector/VectorSupport$VectorShuffle
Event: 0.272 loading class jdk/internal/vm/vector/VectorSupport$VectorShuffle done
Event: 0.274 loading class java/lang/NullPointerException
Event: 0.274 loading class java/lang/NullPointerException done
Event: 0.274 loading class java/lang/ArithmeticException
Event: 0.275 loading class java/lang/ArithmeticException done


Dynamic libraries:
0x00007ff655460000 - 0x00007ff65546e000 	c:\Users\mohgupt\.vscode\extensions\redhat.java-1.14.0-win32-x64\jre\17.0.5-win32-x86_64\bin\java.exe
0x00007ffa4ef20000 - 0x00007ffa4f129000 	C:\WINDOWS\SYSTEM32\ntdll.dll
0x00007ffa4e7e0000 - 0x00007ffa4e89e000 	C:\WINDOWS\System32\KERNEL32.DLL
0x00007ffa4c3f0000 - 0x00007ffa4c76b000 	C:\WINDOWS\System32\KERNELBASE.dll
0x00007ffa4cac0000 - 0x00007ffa4cbd1000 	C:\WINDOWS\System32\ucrtbase.dll
0x00007ffa39d30000 - 0x00007ffa39d47000 	c:\Users\mohgupt\.vscode\extensions\redhat.java-1.14.0-win32-x64\jre\17.0.5-win32-x86_64\bin\jli.dll
0x00007ffa37610000 - 0x00007ffa37629000 	c:\Users\mohgupt\.vscode\extensions\redhat.java-1.14.0-win32-x64\jre\17.0.5-win32-x86_64\bin\VCRUNTIME140.dll
0x00007ffa4d830000 - 0x00007ffa4d9dd000 	C:\WINDOWS\System32\USER32.dll
0x00007ffa35430000 - 0x00007ffa356d5000 	C:\WINDOWS\WinSxS\amd64_microsoft.windows.common-controls_6595b64144ccf1df_6.0.22000.120_none_9d947278b86cc467\COMCTL32.dll
0x00007ffa4c8b0000 - 0x00007ffa4c8d6000 	C:\WINDOWS\System32\win32u.dll
0x00007ffa4ec60000 - 0x00007ffa4ed03000 	C:\WINDOWS\System32\msvcrt.dll
0x00007ffa4dc90000 - 0x00007ffa4dcb9000 	C:\WINDOWS\System32\GDI32.dll
0x00007ffa4cc80000 - 0x00007ffa4cd98000 	C:\WINDOWS\System32\gdi32full.dll
0x00007ffa4cbe0000 - 0x00007ffa4cc7d000 	C:\WINDOWS\System32\msvcp_win.dll
0x00007ffa4cf30000 - 0x00007ffa4cf62000 	C:\WINDOWS\System32\IMM32.DLL
0x000001dbeabb0000 - 0x000001dbeabc4000 	C:\WINDOWS\System32\umppc16207.dll
0x00007ffa45ea0000 - 0x00007ffa45eac000 	c:\Users\mohgupt\.vscode\extensions\redhat.java-1.14.0-win32-x64\jre\17.0.5-win32-x86_64\bin\vcruntime140_1.dll
0x00007ffa107e0000 - 0x00007ffa10871000 	c:\Users\mohgupt\.vscode\extensions\redhat.java-1.14.0-win32-x64\jre\17.0.5-win32-x86_64\bin\msvcp140.dll
0x00007ff9f1fb0000 - 0x00007ff9f2bf4000 	c:\Users\mohgupt\.vscode\extensions\redhat.java-1.14.0-win32-x64\jre\17.0.5-win32-x86_64\bin\server\jvm.dll
0x00007ffa4ee30000 - 0x00007ffa4eede000 	C:\WINDOWS\System32\ADVAPI32.dll
0x00007ffa4e140000 - 0x00007ffa4e1de000 	C:\WINDOWS\System32\sechost.dll
0x00007ffa4cda0000 - 0x00007ffa4cec0000 	C:\WINDOWS\System32\RPCRT4.dll
0x00007ffa31070000 - 0x00007ffa31079000 	C:\WINDOWS\SYSTEM32\WSOCK32.dll
0x00007ffa4e940000 - 0x00007ffa4e9af000 	C:\WINDOWS\System32\WS2_32.dll
0x00007ffa45450000 - 0x00007ffa45483000 	C:\WINDOWS\SYSTEM32\WINMM.dll
0x00007ffa433b0000 - 0x00007ffa433ba000 	C:\WINDOWS\SYSTEM32\VERSION.dll
0x00007ffa4b560000 - 0x00007ffa4b578000 	C:\WINDOWS\SYSTEM32\kernel.appcore.dll
0x00007ffa45490000 - 0x00007ffa4549a000 	c:\Users\mohgupt\.vscode\extensions\redhat.java-1.14.0-win32-x64\jre\17.0.5-win32-x86_64\bin\jimage.dll
0x00007ffa4a0f0000 - 0x00007ffa4a311000 	C:\WINDOWS\SYSTEM32\DBGHELP.DLL
0x00007ffa35090000 - 0x00007ffa350c1000 	C:\WINDOWS\SYSTEM32\dbgcore.DLL
0x00007ffa4c830000 - 0x00007ffa4c8af000 	C:\WINDOWS\System32\bcryptPrimitives.dll
0x00007ffa44ab0000 - 0x00007ffa44abe000 	c:\Users\mohgupt\.vscode\extensions\redhat.java-1.14.0-win32-x64\jre\17.0.5-win32-x86_64\bin\instrument.dll
0x00007ffa36710000 - 0x00007ffa36735000 	c:\Users\mohgupt\.vscode\extensions\redhat.java-1.14.0-win32-x64\jre\17.0.5-win32-x86_64\bin\java.dll
0x00007ffa375c0000 - 0x00007ffa375d8000 	c:\Users\mohgupt\.vscode\extensions\redhat.java-1.14.0-win32-x64\jre\17.0.5-win32-x86_64\bin\zip.dll

dbghelp: loaded successfully - version: 4.0.5 - missing functions: none
symbol engine: initialized successfully - sym options: 0x614 - pdb path: .;c:\Users\mohgupt\.vscode\extensions\redhat.java-1.14.0-win32-x64\jre\17.0.5-win32-x86_64\bin;C:\WINDOWS\SYSTEM32;C:\WINDOWS\WinSxS\amd64_microsoft.windows.common-controls_6595b64144ccf1df_6.0.22000.120_none_9d947278b86cc467;c:\Users\mohgupt\.vscode\extensions\redhat.java-1.14.0-win32-x64\jre\17.0.5-win32-x86_64\bin\server

VM Arguments:
jvm_args: --add-modules=ALL-SYSTEM --add-opens=java.base/java.util=ALL-UNNAMED --add-opens=java.base/java.lang=ALL-UNNAMED --add-opens=java.base/sun.nio.fs=ALL-UNNAMED -Declipse.application=org.eclipse.jdt.ls.core.id1 -Dosgi.bundles.defaultStartLevel=4 -Declipse.product=org.eclipse.jdt.ls.core.product -Djava.import.generatesMetadataFilesAtProjectRoot=false -Dfile.encoding=utf8 -XX:+UseParallelGC -XX:GCTimeRatio=4 -XX:AdaptiveSizePolicyWeight=90 -Dsun.zip.disableMemoryMapping=true -Xmx1G -Xms100m -Xlog:disable -javaagent:c:\Users\mohgupt\.vscode\extensions\redhat.java-1.14.0-win32-x64\lombok\lombok-1.18.24.jar -XX:+HeapDumpOnOutOfMemoryError -XX:HeapDumpPath=c:\Users\mohgupt\AppData\Roaming\Code\User\workspaceStorage\e5c2113bf48eb89d724292ea34da7c65\redhat.java 
java_command: c:\Users\mohgupt\.vscode\extensions\redhat.java-1.14.0-win32-x64\server\plugins\org.eclipse.equinox.launcher_1.6.400.v20210924-0641.jar -configuration c:\Users\mohgupt\AppData\Roaming\Code\User\globalStorage\redhat.java\1.14.0\config_win -data c:\Users\mohgupt\AppData\Roaming\Code\User\workspaceStorage\e5c2113bf48eb89d724292ea34da7c65\redhat.java\jdt_ws
java_class_path (initial): c:\Users\mohgupt\.vscode\extensions\redhat.java-1.14.0-win32-x64\server\plugins\org.eclipse.equinox.launcher_1.6.400.v20210924-0641.jar
Launcher Type: SUN_STANDARD

[Global flags]
    uintx AdaptiveSizePolicyWeight                 = 90                                        {product} {command line}
     intx CICompilerCount                          = 4                                         {product} {ergonomic}
    uintx GCTimeRatio                              = 4                                         {product} {command line}
     bool HeapDumpOnOutOfMemoryError               = true                                   {manageable} {command line}
    ccstr HeapDumpPath                             = c:\Users\mohgupt\AppData\Roaming\Code\User\workspaceStorage\e5c2113bf48eb89d724292ea34da7c65\redhat.java         {manageable} {command line}
   size_t InitialHeapSize                          = 104857600                                 {product} {command line}
   size_t MaxHeapSize                              = 1073741824                                {product} {command line}
   size_t MaxNewSize                               = 357564416                                 {product} {ergonomic}
   size_t MinHeapDeltaBytes                        = 524288                                    {product} {ergonomic}
   size_t MinHeapSize                              = 104857600                                 {product} {command line}
   size_t NewSize                                  = 34603008                                  {product} {ergonomic}
    uintx NonNMethodCodeHeapSize                   = 5839372                                {pd product} {ergonomic}
    uintx NonProfiledCodeHeapSize                  = 122909434                              {pd product} {ergonomic}
   size_t OldSize                                  = 70254592                                  {product} {ergonomic}
    uintx ProfiledCodeHeapSize                     = 122909434                              {pd product} {ergonomic}
    uintx ReservedCodeCacheSize                    = 251658240                              {pd product} {ergonomic}
     bool SegmentedCodeCache                       = true                                      {product} {ergonomic}
   size_t SoftMaxHeapSize                          = 1073741824                             {manageable} {ergonomic}
     bool UseCompressedClassPointers               = true                           {product lp64_product} {ergonomic}
     bool UseCompressedOops                        = true                           {product lp64_product} {ergonomic}
     bool UseLargePagesIndividualAllocation        = false                                  {pd product} {ergonomic}
     bool UseParallelGC                            = true                                      {product} {command line}

Logging:
Log output configuration:
 #0: stdout all=off uptime,level,tags
 #1: stderr all=off uptime,level,tags

Environment Variables:
JAVA_HOME=C:\Program Files\Java\jdk-13.0.2\bin
PATH=C:\Program Files (x86)\Microsoft SDKs\Azure\CLI2\wbin;C:\Program Files\iis express\PHP\v7.2;C:\WINDOWS\system32\inetsrv;C:\Program Files\iis express\PHP\v7.1;C:\Program Files\PHP\v7.3;C:\Program Files (x86)\Common Files\Oracle\Java\javapath;C:\Python27\;C:\Python27\Scripts;C:\Program Files\Microsoft MPI\Bin\;C:\WINDOWS\system32;C:\WINDOWS;C:\WINDOWS\System32\Wbem;C:\WINDOWS\System32\WindowsPowerShell\v1.0\;C:\WINDOWS\System32\OpenSSH\;C:\Program Files\Microsoft SQL Server\130\Tools\Binn\;C:\Program Files\dotnet\;C:\Program Files\Git\cmd;C:\Program Files (x86)\Brackets\command;C:\Program Files (x86)\Microsoft SQL Server\Client SDK\ODBC\130\Tools\Binn\;C:\Program Files (x86)\Microsoft SQL Server\140\Tools\Binn\;C:\Program Files (x86)\Microsoft SQL Server\140\DTS\Binn\;C:\Program Files (x86)\Microsoft SQL Server\140\Tools\Binn\ManagementStudio\;C:\Program Files\Microsoft SQL Server\140\Tools\Binn\;C:\Program Files\Microsoft SQL Server\140;C:\Program Files\Intel\WiFi\bin\;C:\Program Files\Common Files\Intel\WirelessCom;C:\Program Files\PuTTY\;C:\Program Files (x86)\;C:\WINDOWS\system32;C:\WINDOWS;C:\WINDOWS\System32\Wbem;C:\WINDOWS\System32\WindowsPowerShell\v1.0\;C:\WINDOWS\System32\OpenSSH\;C:\Program Files\Microsoft SQL Server\Client SDK\ODBC\170\Tools\Binn\;c:\Program Files (x86)\Intel\Intel(R) Management Engine Components\DAL;c:\Program Files\Intel\Intel(R) Management Engine Components\DAL;C:\Program Files (x86)\dotnet\;c:\Program Files\Microsoft SQL Server\Client SDK\ODBC\130\Tools\Binn\;c:\Program Files\Microsoft SQL Server\140\DTS\Binn\;C:\Users\mohgupt\AppData\Local\Microsoft\WindowsApps;C:\Users\mohgupt\AppData\Roaming\npm;C:\Users\mohgupt\AppData\Local\Programs\Microsoft VS Code\bin;C:\Users\mohgupt\AppData\Roaming\npm\node_modules;C:\Users\mohgupt\AppData\Local\Programs\Fiddler;C:\Program Files\Intel\WiFi\bin\;C:\Program Files\Common Files\Intel\WirelessCommon\;C:\Users\mohgupt\AppData\Local\Android\sdk\platform-tools;C:\Users\mohgupt\.dotnet\tools;C:\User
USERNAME=mohgupt
OS=Windows_NT
PROCESSOR_IDENTIFIER=Intel64 Family 6 Model 142 Stepping 10, GenuineIntel
TMP=C:\Users\mohgupt\AppData\Local\Temp
TEMP=C:\Users\mohgupt\AppData\Local\Temp



---------------  S Y S T E M  ---------------

OS:
 Windows 11 , 64 bit Build 22000 (10.0.22000.1335)
OS uptime: 13 days 7:04 hours

CPU: total 8 (initial active 8) (4 cores per cpu, 2 threads per core) family 6 model 142 stepping 10 microcode 0xf0, cx8, cmov, fxsr, ht, mmx, 3dnowpref, sse, sse2, sse3, ssse3, sse4.1, sse4.2, popcnt, lzcnt, tsc, tscinvbit, avx, avx2, aes, erms, clmul, bmi1, bmi2, rtm, adx, fma, vzeroupper, clflush, clflushopt

Memory: 4k page, system-wide physical 16222M (581M free)
TotalPageFile size 46708M (AvailPageFile size 2M)
current process WorkingSet (physical memory assigned to process): 16M, peak: 16M
current process commit charge ("private bytes"): 160M, peak: 161M

vm_info: OpenJDK 64-Bit Server VM (17.0.5+8) for windows-amd64 JRE (17.0.5+8), built on Oct 19 2022 04:48:13 by "temurin" with MS VC++ 16.7 (VS2019)

END.
