#
# There is insufficient memory for the Java Runtime Environment to continue.
# Native memory allocation (mmap) failed to map 266338304 bytes for Failed to commit area from 0x0000000702800000 to 0x0000000712600000 of length 266338304.
# Possible reasons:
#   The system is out of physical RAM or swap space
#   The process is running with CompressedOops enabled, and the Java Heap may be blocking the growth of the native heap
# Possible solutions:
#   Reduce memory load on the system
#   Increase physical memory or swap space
#   Check if swap backing store is full
#   Decrease Java heap size (-Xmx/-Xms)
#   Decrease number of Java threads
#   Decrease Java thread stack sizes (-Xss)
#   Set larger code cache with -XX:ReservedCodeCacheSize=
# This output file may be truncated or incomplete.
#
#  Out of Memory Error (t:/workspace/open/src/hotspot/os/windows/os_windows.cpp:3254), pid=11972, tid=13320
#
# JRE version:  (12.0.1+12) (build )
# Java VM: Java HotSpot(TM) 64-Bit Server VM (12.0.1+12, mixed mode, sharing, tiered, compressed oops, g1 gc, windows-amd64)
# No core dump will be written. Minidumps are not enabled by default on client versions of Windows
#

---------------  S U M M A R Y ------------

Command Line: -agentlib:jdwp=transport=dt_socket,server=n,suspend=y,address=localhost:53162 StriverSheet.Day6.test1

Host: Intel(R) Core(TM) i7-8650U CPU @ 1.90GHz, 8 cores, 15G,  Windows 10 , 64 bit Build 22000 (10.0.22000.1335)
Time: Sun Jan 29 21:01:14 2023 India Standard Time elapsed time: 0 seconds (0d 0h 0m 0s)

---------------  T H R E A D  ---------------

Current thread (0x000001c5ac590800):  JavaThread "Unknown thread" [_thread_in_vm, id=13320, stack(0x00000020a9200000,0x00000020a9300000)]

Stack: [0x00000020a9200000,0x00000020a9300000]
Native frames: (J=compiled Java code, j=interpreted, Vv=VM code, C=native code)
V  [jvm.dll+0x63948a]
V  [jvm.dll+0x78b31f]
V  [jvm.dll+0x78c9c1]
V  [jvm.dll+0x78d013]
V  [jvm.dll+0x262138]
V  [jvm.dll+0x63698a]
V  [jvm.dll+0x62b505]
V  [jvm.dll+0x31d9bc]
V  [jvm.dll+0x31d7ef]
V  [jvm.dll+0x323526]
V  [jvm.dll+0x370f76]
V  [jvm.dll+0x370750]
V  [jvm.dll+0x2f786a]
V  [jvm.dll+0x2f8af2]
V  [jvm.dll+0x7657b7]
V  [jvm.dll+0x766e95]
V  [jvm.dll+0x37f089]
V  [jvm.dll+0x749b14]
V  [jvm.dll+0x3ee48d]
V  [jvm.dll+0x3f03c1]
C  [jli.dll+0x51cf]
C  [ucrtbase.dll+0x26c0c]
C  [KERNEL32.DLL+0x155a0]
C  [ntdll.dll+0x485b]


---------------  P R O C E S S  ---------------

Threads class SMR info:
_java_thread_list=0x00007ff9ed4f48e8, length=0, elements={
}

Java Threads: ( => current thread )

Other Threads:
  0x000001c5ac5f8000 GCTaskThread "GC Thread#0" [stack: 0x00000020a9300000,0x00000020a9400000] [id=22788]
  0x000001c5ac613800 ConcurrentGCThread "G1 Main Marker" [stack: 0x00000020a9400000,0x00000020a9500000] [id=37564]
  0x000001c5ac616000 ConcurrentGCThread "G1 Conc#0" [stack: 0x00000020a9500000,0x00000020a9600000] [id=316]

[error occurred during error reporting (printing all threads), id 0xc0000005, EXCEPTION_ACCESS_VIOLATION (0xc0000005) at pc=0x00007ff9ecd27a37]

VM state:not at safepoint (not fully initialized)

VM Mutex/Monitor currently owned by a thread:  ([mutex/lock_event])
[0x000001c5ac58de50] Heap_lock - owner thread: 0x000001c5ac590800

Heap address: 0x0000000702800000, size: 4056 MB, Compressed Oops mode: Non-zero based: 0x0000000702800000
Narrow klass base: 0x0000000000000000, Narrow klass shift: 0

GC Heap History (0 events):
No events

Deoptimization events (0 events):
No events

Classes redefined (0 events):
No events

Internal exceptions (0 events):
No events

Events (0 events):
No events


Dynamic libraries:
0x00007ff788a20000 - 0x00007ff788a2f000 	C:\Program Files\Java\jdk-12.0.1\bin\java.exe
0x00007ffa4ef20000 - 0x00007ffa4f129000 	C:\WINDOWS\SYSTEM32\ntdll.dll
0x00007ffa4e7e0000 - 0x00007ffa4e89e000 	C:\WINDOWS\System32\KERNEL32.DLL
0x00007ffa4c3f0000 - 0x00007ffa4c76b000 	C:\WINDOWS\System32\KERNELBASE.dll
0x00007ffa4cac0000 - 0x00007ffa4cbd1000 	C:\WINDOWS\System32\ucrtbase.dll
0x00007ffa45c10000 - 0x00007ffa45c28000 	C:\Program Files\Java\jdk-12.0.1\bin\jli.dll
0x00007ffa37b50000 - 0x00007ffa37b66000 	C:\Program Files\Java\jdk-12.0.1\bin\VCRUNTIME140.dll
0x00007ffa4ee30000 - 0x00007ffa4eede000 	C:\WINDOWS\System32\ADVAPI32.dll
0x00007ffa4ec60000 - 0x00007ffa4ed03000 	C:\WINDOWS\System32\msvcrt.dll
0x00007ffa4e140000 - 0x00007ffa4e1de000 	C:\WINDOWS\System32\sechost.dll
0x00007ffa4cda0000 - 0x00007ffa4cec0000 	C:\WINDOWS\System32\RPCRT4.dll
0x00007ffa4d830000 - 0x00007ffa4d9dd000 	C:\WINDOWS\System32\USER32.dll
0x00007ffa35430000 - 0x00007ffa356d5000 	C:\WINDOWS\WinSxS\amd64_microsoft.windows.common-controls_6595b64144ccf1df_6.0.22000.120_none_9d947278b86cc467\COMCTL32.dll
0x00007ffa4c8b0000 - 0x00007ffa4c8d6000 	C:\WINDOWS\System32\win32u.dll
0x00007ffa4dc90000 - 0x00007ffa4dcb9000 	C:\WINDOWS\System32\GDI32.dll
0x00007ffa4cc80000 - 0x00007ffa4cd98000 	C:\WINDOWS\System32\gdi32full.dll
0x00007ffa433b0000 - 0x00007ffa433ba000 	C:\WINDOWS\SYSTEM32\VERSION.dll
0x00007ffa4cbe0000 - 0x00007ffa4cc7d000 	C:\WINDOWS\System32\msvcp_win.dll
0x00007ffa4cf30000 - 0x00007ffa4cf62000 	C:\WINDOWS\System32\IMM32.DLL
0x000001c5ac550000 - 0x000001c5ac564000 	C:\WINDOWS\System32\umppc16207.dll
0x00007ffa0a010000 - 0x00007ffa0a0ba000 	C:\Program Files\Java\jdk-12.0.1\bin\msvcp140.dll
0x00007ff9eca20000 - 0x00007ff9ed594000 	C:\Program Files\Java\jdk-12.0.1\bin\server\jvm.dll
0x00007ffa4d800000 - 0x00007ffa4d808000 	C:\WINDOWS\System32\PSAPI.DLL
0x00007ffa31070000 - 0x00007ffa31079000 	C:\WINDOWS\SYSTEM32\WSOCK32.dll
0x00007ffa4e940000 - 0x00007ffa4e9af000 	C:\WINDOWS\System32\WS2_32.dll
0x00007ffa45450000 - 0x00007ffa45483000 	C:\WINDOWS\SYSTEM32\WINMM.dll
0x00007ffa4b560000 - 0x00007ffa4b578000 	C:\WINDOWS\SYSTEM32\kernel.appcore.dll
0x00007ffa37b30000 - 0x00007ffa37b41000 	C:\Program Files\Java\jdk-12.0.1\bin\verify.dll
0x00007ffa4a0f0000 - 0x00007ffa4a311000 	C:\WINDOWS\SYSTEM32\DBGHELP.DLL
0x00007ffa35090000 - 0x00007ffa350c1000 	C:\WINDOWS\SYSTEM32\dbgcore.DLL
0x00007ffa4c830000 - 0x00007ffa4c8af000 	C:\WINDOWS\System32\bcryptPrimitives.dll
0x00007ffa37ac0000 - 0x00007ffa37ae6000 	C:\Program Files\Java\jdk-12.0.1\bin\java.dll
0x00007ffa33e20000 - 0x00007ffa33e58000 	C:\Program Files\Java\jdk-12.0.1\bin\jdwp.dll
0x00007ffa37aa0000 - 0x00007ffa37ab7000 	C:\Program Files\Java\jdk-12.0.1\bin\zip.dll
0x00007ffa47fb0000 - 0x00007ffa47fba000 	C:\Program Files\Java\jdk-12.0.1\bin\jimage.dll

dbghelp: loaded successfully - version: 4.0.5 - missing functions: none
symbol engine: initialized successfully - sym options: 0x614 - pdb path: .;C:\Program Files\Java\jdk-12.0.1\bin;C:\WINDOWS\SYSTEM32;C:\WINDOWS\WinSxS\amd64_microsoft.windows.common-controls_6595b64144ccf1df_6.0.22000.120_none_9d947278b86cc467;C:\Program Files\Java\jdk-12.0.1\bin\server

VM Arguments:
jvm_args: -agentlib:jdwp=transport=dt_socket,server=n,suspend=y,address=localhost:53162 
java_command: StriverSheet.Day6.test1
java_class_path (initial): C:\Users\mohgupt\AppData\Roaming\Code\User\workspaceStorage\e5c2113bf48eb89d724292ea34da7c65\redhat.java\jdt_ws\PepJava_c02ecfb3\bin
Launcher Type: SUN_STANDARD

[Global flags]
     intx CICompilerCount                          = 4                                         {product} {ergonomic}
     uint ConcGCThreads                            = 2                                         {product} {ergonomic}
     uint G1ConcRefinementThreads                  = 8                                         {product} {ergonomic}
   size_t G1HeapRegionSize                         = 1048576                                   {product} {ergonomic}
    uintx GCDrainStackTargetSize                   = 64                                        {product} {ergonomic}
   size_t InitialHeapSize                          = 266338304                                 {product} {ergonomic}
   size_t MarkStackSize                            = 4194304                                   {product} {ergonomic}
   size_t MaxHeapSize                              = 4253024256                                {product} {ergonomic}
   size_t MinHeapDeltaBytes                        = 1048576                                   {product} {ergonomic}
    uintx NonNMethodCodeHeapSize                   = 5836300                                {pd product} {ergonomic}
    uintx NonProfiledCodeHeapSize                  = 122910970                              {pd product} {ergonomic}
    uintx ProfiledCodeHeapSize                     = 122910970                              {pd product} {ergonomic}
    uintx ReservedCodeCacheSize                    = 251658240                              {pd product} {ergonomic}
     bool SegmentedCodeCache                       = true                                      {product} {ergonomic}
     bool UseCompressedClassPointers               = true                                 {lp64_product} {ergonomic}
     bool UseCompressedOops                        = true                                 {lp64_product} {ergonomic}
     bool UseG1GC                                  = true                                      {product} {ergonomic}
     bool UseLargePagesIndividualAllocation        = false                                  {pd product} {ergonomic}

Logging:
Log output configuration:
 #0: stdout all=warning uptime,level,tags
 #1: stderr all=off uptime,level,tags

Environment Variables:
JAVA_HOME=C:\Program Files\Java\jdk-13.0.2\bin
PATH=C:\Program Files (x86)\Microsoft SDKs\Azure\CLI2\wbin;C:\Program Files\iis express\PHP\v7.2;C:\WINDOWS\system32\inetsrv;C:\Program Files\iis express\PHP\v7.1;C:\Program Files\PHP\v7.3;C:\Program Files (x86)\Common Files\Oracle\Java\javapath;C:\Python27\;C:\Python27\Scripts;C:\Program Files\Microsoft MPI\Bin\;C:\WINDOWS\system32;C:\WINDOWS;C:\WINDOWS\System32\Wbem;C:\WINDOWS\System32\WindowsPowerShell\v1.0\;C:\WINDOWS\System32\OpenSSH\;C:\Program Files\Microsoft SQL Server\130\Tools\Binn\;C:\Program Files\dotnet\;C:\Program Files\Git\cmd;C:\Program Files (x86)\Brackets\command;C:\Program Files (x86)\Microsoft SQL Server\Client SDK\ODBC\130\Tools\Binn\;C:\Program Files (x86)\Microsoft SQL Server\140\Tools\Binn\;C:\Program Files (x86)\Microsoft SQL Server\140\DTS\Binn\;C:\Program Files (x86)\Microsoft SQL Server\140\Tools\Binn\ManagementStudio\;C:\Program Files\Microsoft SQL Server\140\Tools\Binn\;C:\Program Files\Microsoft SQL Server\140;C:\Program Files\Intel\WiFi\bin\;C:\Program Files\Common Files\Intel\WirelessCom;C:\Program Files\PuTTY\;C:\Program Files (x86)\;C:\WINDOWS\system32;C:\WINDOWS;C:\WINDOWS\System32\Wbem;C:\WINDOWS\System32\WindowsPowerShell\v1.0\;C:\WINDOWS\System32\OpenSSH\;C:\Program Files\Microsoft SQL Server\Client SDK\ODBC\170\Tools\Binn\;c:\Program Files (x86)\Intel\Intel(R) Management Engine Components\DAL;c:\Program Files\Intel\Intel(R) Management Engine Components\DAL;C:\Program Files (x86)\dotnet\;c:\Program Files\Microsoft SQL Server\Client SDK\ODBC\130\Tools\Binn\;c:\Program Files\Microsoft SQL Server\140\DTS\Binn\;C:\Users\mohgupt\AppData\Local\Microsoft\WindowsApps;C:\Users\mohgupt\AppData\Roaming\npm;C:\Users\mohgupt\AppData\Local\Programs\Microsoft VS Code\bin;C:\Users\mohgupt\AppData\Roaming\npm\node_modules;C:\Users\mohgupt\AppData\Local\Programs\Fiddler;C:\Program Files\Intel\WiFi\bin\;C:\Program Files\Common Files\Intel\WirelessCommon\;C:\Users\mohgupt\AppData\Local\Android\sdk\platform-tools;C:\Users\mohgupt\.dotnet\tools;C:\User
USERNAME=mohgupt
OS=Windows_NT
PROCESSOR_IDENTIFIER=Intel64 Family 6 Model 142 Stepping 10, GenuineIntel



---------------  S Y S T E M  ---------------

OS: Windows 10 , 64 bit Build 22000 (10.0.22000.1335)

CPU:total 8 (initial active 8) (4 cores per cpu, 2 threads per core) family 6 model 142 stepping 10, cmov, cx8, fxsr, mmx, sse, sse2, sse3, ssse3, sse4.1, sse4.2, popcnt, avx, avx2, aes, clmul, erms, rtm, 3dnowpref, lzcnt, ht, tsc, tscinvbit, bmi1, bmi2, adx, fma

Memory: 4k page, system-wide physical 16222M (1348M free)
TotalPageFile size 46735M (AvailPageFile size 19M)
current process WorkingSet (physical memory assigned to process): 10M, peak: 10M
current process commit charge ("private bytes"): 61M, peak: 315M

vm_info: Java HotSpot(TM) 64-Bit Server VM (12.0.1+12) for windows-amd64 JRE (12.0.1+12), built on Apr  2 2019 14:02:19 by "mach5one" with MS VC++ 15.5 (VS2017)

END.
